This is pdfTeX, Version 3.14159265-2.6-1.40.19 (MiKTeX 2.9.6840 64-bit) (preloaded format=pdflatex 2018.10.29)  2 DEC 2018 12:02
entering extended mode
**./Tesi.tex
(Tesi.tex
LaTeX2e <2018-04-01> patch level 5
("C:\Users\Yunes\AppData\Local\Programs\MiKTeX 2.9\tex\latex\base\book.cls"
Document Class: book 2014/09/29 v1.4h Standard LaTeX document class
("C:\Users\Yunes\AppData\Local\Programs\MiKTeX 2.9\tex\latex\base\bk12.clo"
File: bk12.clo 2014/09/29 v1.4h Standard LaTeX file (size option)
)
\c@part=\count80
\c@chapter=\count81
\c@section=\count82
\c@subsection=\count83
\c@subsubsection=\count84
\c@paragraph=\count85
\c@subparagraph=\count86
\c@figure=\count87
\c@table=\count88
\abovecaptionskip=\skip41
\belowcaptionskip=\skip42
\bibindent=\dimen102
)
("C:\Users\Yunes\AppData\Local\Programs\MiKTeX 2.9\tex\latex\base\fontenc.sty"
Package: fontenc 2017/04/05 v2.0i Standard LaTeX package

("C:\Users\Yunes\AppData\Local\Programs\MiKTeX 2.9\tex\latex\base\t1enc.def"
File: t1enc.def 2017/04/05 v2.0i Standard LaTeX file
LaTeX Font Info:    Redeclaring font encoding T1 on input line 48.
))
("C:\Users\Yunes\AppData\Local\Programs\MiKTeX 2.9\tex\latex\lm\lmodern.sty"
Package: lmodern 2009/10/30 v1.6 Latin Modern Fonts
LaTeX Font Info:    Overwriting symbol font `operators' in version `normal'
(Font)                  OT1/cmr/m/n --> OT1/lmr/m/n on input line 22.
LaTeX Font Info:    Overwriting symbol font `letters' in version `normal'
(Font)                  OML/cmm/m/it --> OML/lmm/m/it on input line 23.
LaTeX Font Info:    Overwriting symbol font `symbols' in version `normal'
(Font)                  OMS/cmsy/m/n --> OMS/lmsy/m/n on input line 24.
LaTeX Font Info:    Overwriting symbol font `largesymbols' in version `normal'
(Font)                  OMX/cmex/m/n --> OMX/lmex/m/n on input line 25.
LaTeX Font Info:    Overwriting symbol font `operators' in version `bold'
(Font)                  OT1/cmr/bx/n --> OT1/lmr/bx/n on input line 26.
LaTeX Font Info:    Overwriting symbol font `letters' in version `bold'
(Font)                  OML/cmm/b/it --> OML/lmm/b/it on input line 27.
LaTeX Font Info:    Overwriting symbol font `symbols' in version `bold'
(Font)                  OMS/cmsy/b/n --> OMS/lmsy/b/n on input line 28.
LaTeX Font Info:    Overwriting symbol font `largesymbols' in version `bold'
(Font)                  OMX/cmex/m/n --> OMX/lmex/m/n on input line 29.
LaTeX Font Info:    Overwriting math alphabet `\mathbf' in version `normal'
(Font)                  OT1/cmr/bx/n --> OT1/lmr/bx/n on input line 31.
LaTeX Font Info:    Overwriting math alphabet `\mathsf' in version `normal'
(Font)                  OT1/cmss/m/n --> OT1/lmss/m/n on input line 32.
LaTeX Font Info:    Overwriting math alphabet `\mathit' in version `normal'
(Font)                  OT1/cmr/m/it --> OT1/lmr/m/it on input line 33.
LaTeX Font Info:    Overwriting math alphabet `\mathtt' in version `normal'
(Font)                  OT1/cmtt/m/n --> OT1/lmtt/m/n on input line 34.
LaTeX Font Info:    Overwriting math alphabet `\mathbf' in version `bold'
(Font)                  OT1/cmr/bx/n --> OT1/lmr/bx/n on input line 35.
LaTeX Font Info:    Overwriting math alphabet `\mathsf' in version `bold'
(Font)                  OT1/cmss/bx/n --> OT1/lmss/bx/n on input line 36.
LaTeX Font Info:    Overwriting math alphabet `\mathit' in version `bold'
(Font)                  OT1/cmr/bx/it --> OT1/lmr/bx/it on input line 37.
LaTeX Font Info:    Overwriting math alphabet `\mathtt' in version `bold'
(Font)                  OT1/cmtt/m/n --> OT1/lmtt/m/n on input line 38.
)
("C:\Users\Yunes\AppData\Local\Programs\MiKTeX 2.9\tex\latex\base\inputenc.sty"
Package: inputenc 2018/04/06 v1.3b Input encoding file
\inpenc@prehook=\toks14
\inpenc@posthook=\toks15
) ("C:\Users\Yunes\AppData\Local\Programs\MiKTeX 2.9\tex\generic\babel\babel.st
y"
Package: babel 2018/09/26 3.24 The Babel package

("C:\Users\Yunes\AppData\Local\Programs\MiKTeX 2.9\tex\generic\babel\switch.def
"
File: switch.def 2018/09/26 3.24 Babel switching mechanism
)
*************************************
* Local config file bblopts.cfg used
*
("C:\Users\Yunes\AppData\Local\Programs\MiKTeX 2.9\tex\latex\arabi\bblopts.cfg"
File: bblopts.cfg 2005/09/08 v0.1 add Arabic and Farsi to "declared" options of
 babel
)
("C:\Users\Yunes\AppData\Local\Programs\MiKTeX 2.9\tex\latex\babel-english\engl
ish.ldf"
Language: english 2017/06/06 v3.3r English support from the babel system

("C:\Users\Yunes\AppData\Local\Programs\MiKTeX 2.9\tex\generic\babel\babel.def"
File: babel.def 2018/09/26 3.24 Babel common definitions
\babel@savecnt=\count89
\U@D=\dimen103

("C:\Users\Yunes\AppData\Local\Programs\MiKTeX 2.9\tex\generic\babel\txtbabel.d
ef")
\bbl@dirlevel=\count90
)
\l@canadian = a dialect from \language\l@american 
\l@australian = a dialect from \language\l@british 
\l@newzealand = a dialect from \language\l@british 
)
("C:\Users\Yunes\AppData\Local\Programs\MiKTeX 2.9\tex\latex\babel-italian\ital
ian.ldf"
Language: italian 2015/03/26 v1.3n Italian support from the babel system
\it@lettering=\count91
\it@doublequoteactive=\count92
\it@ISOcompliance=\count93
))
("C:\Users\Yunes\AppData\Local\Programs\MiKTeX 2.9\tex\latex\etoolbox\etoolbox.
sty"
Package: etoolbox 2018/08/19 v2.5f e-TeX tools for LaTeX (JAW)
\etb@tempcnta=\count94
)
("C:\Users\Yunes\AppData\Local\Programs\MiKTeX 2.9\tex\latex\microtype\microtyp
e.sty"
Package: microtype 2018/01/14 v2.7a Micro-typographical refinements (RS)

("C:\Users\Yunes\AppData\Local\Programs\MiKTeX 2.9\tex\latex\graphics\keyval.st
y"
Package: keyval 2014/10/28 v1.15 key=value parser (DPC)
\KV@toks@=\toks16
)
\MT@toks=\toks17
\MT@count=\count95
LaTeX Info: Redefining \textls on input line 793.
\MT@outer@kern=\dimen104
LaTeX Info: Redefining \textmicrotypecontext on input line 1339.
\MT@listname@count=\count96

("C:\Users\Yunes\AppData\Local\Programs\MiKTeX 2.9\tex\latex\microtype\microtyp
e-pdftex.def"
File: microtype-pdftex.def 2018/01/14 v2.7a Definitions specific to pdftex (RS)

LaTeX Info: Redefining \lsstyle on input line 913.
LaTeX Info: Redefining \lslig on input line 913.
\MT@outer@space=\skip43
)
Package microtype Info: Loading configuration file microtype.cfg.

("C:\Users\Yunes\AppData\Local\Programs\MiKTeX 2.9\tex\latex\microtype\microtyp
e.cfg"
File: microtype.cfg 2018/01/14 v2.7a microtype main configuration file (RS)
))
("C:\Users\Yunes\AppData\Local\Programs\MiKTeX 2.9\tex\latex\layaureo\layaureo.
sty"
Package: layaureo 2004/09/16 v0.2

("C:\Users\Yunes\AppData\Local\Programs\MiKTeX 2.9\tex\latex\geometry\geometry.
sty"
Package: geometry 2018/04/16 v5.8 Page Geometry

("C:\Users\Yunes\AppData\Local\Programs\MiKTeX 2.9\tex\generic\oberdiek\ifpdf.s
ty"
Package: ifpdf 2018/09/07 v3.3 Provides the ifpdf switch
)
("C:\Users\Yunes\AppData\Local\Programs\MiKTeX 2.9\tex\generic\oberdiek\ifvtex.
sty"
Package: ifvtex 2016/05/16 v1.6 Detect VTeX and its facilities (HO)
Package ifvtex Info: VTeX not detected.
)
("C:\Users\Yunes\AppData\Local\Programs\MiKTeX 2.9\tex\generic\ifxetex\ifxetex.
sty"
Package: ifxetex 2010/09/12 v0.6 Provides ifxetex conditional
)
\Gm@cnth=\count97
\Gm@cntv=\count98
\c@Gm@tempcnt=\count99
\Gm@bindingoffset=\dimen105
\Gm@wd@mp=\dimen106
\Gm@odd@mp=\dimen107
\Gm@even@mp=\dimen108
\Gm@layoutwidth=\dimen109
\Gm@layoutheight=\dimen110
\Gm@layouthoffset=\dimen111
\Gm@layoutvoffset=\dimen112
\Gm@dimlist=\toks18

("C:\Users\Yunes\AppData\Local\Programs\MiKTeX 2.9\tex\latex\geometry\geometry.
cfg"))
("C:\Users\Yunes\AppData\Local\Programs\MiKTeX 2.9\tex\latex\tools\calc.sty"
Package: calc 2017/05/25 v4.3 Infix arithmetic (KKT,FJ)
\calc@Acount=\count100
\calc@Bcount=\count101
\calc@Adimen=\dimen113
\calc@Bdimen=\dimen114
\calc@Askip=\skip44
\calc@Bskip=\skip45
LaTeX Info: Redefining \setlength on input line 80.
LaTeX Info: Redefining \addtolength on input line 81.
\calc@Ccount=\count102
\calc@Cskip=\skip46
)
\LA@MargineRilegatura=\skip47
\LA@LarghezzaTesto=\skip48
\LA@AltezzaTesto=\skip49
\LA@MargineSinistro=\skip50
\LA@MargineSuperiore=\skip51
)
("C:\Users\Yunes\AppData\Local\Programs\MiKTeX 2.9\tex\latex\frontespizio\front
espizio.sty"
Package: frontespizio 2011/09/21 1.4a (Enrico Gregorio)

("C:\Users\Yunes\AppData\Local\Programs\MiKTeX 2.9\tex\latex\tools\afterpage.st
y"
Package: afterpage 2014/10/28 v1.08 After-Page Package (DPC)
\AP@output=\toks19
\AP@partial=\box26
\AP@footins=\box27
)
("C:\Users\Yunes\AppData\Local\Programs\MiKTeX 2.9\tex\latex\graphics\graphicx.
sty"
Package: graphicx 2017/06/01 v1.1a Enhanced LaTeX Graphics (DPC,SPQR)

("C:\Users\Yunes\AppData\Local\Programs\MiKTeX 2.9\tex\latex\graphics\graphics.
sty"
Package: graphics 2017/06/25 v1.2c Standard LaTeX Graphics (DPC,SPQR)

("C:\Users\Yunes\AppData\Local\Programs\MiKTeX 2.9\tex\latex\graphics\trig.sty"
Package: trig 2016/01/03 v1.10 sin cos tan (DPC)
)
("C:\Users\Yunes\AppData\Local\Programs\MiKTeX 2.9\tex\latex\graphics-cfg\graph
ics.cfg"
File: graphics.cfg 2016/06/04 v1.11 sample graphics configuration
)
Package graphics Info: Driver file: pdftex.def on input line 99.

("C:\Users\Yunes\AppData\Local\Programs\MiKTeX 2.9\tex\latex\graphics-def\pdfte
x.def"
File: pdftex.def 2018/01/08 v1.0l Graphics/color driver for pdftex
))
\Gin@req@height=\dimen115
\Gin@req@width=\dimen116
)
("C:\Users\Yunes\AppData\Local\Programs\MiKTeX 2.9\tex\generic\oberdiek\atbegsh
i.sty"
Package: atbegshi 2016/06/09 v1.18 At begin shipout hook (HO)

("C:\Users\Yunes\AppData\Local\Programs\MiKTeX 2.9\tex\generic\oberdiek\infware
rr.sty"
Package: infwarerr 2016/05/16 v1.4 Providing info/warning/error messages (HO)
)
("C:\Users\Yunes\AppData\Local\Programs\MiKTeX 2.9\tex\generic\oberdiek\ltxcmds
.sty"
Package: ltxcmds 2016/05/16 v1.23 LaTeX kernel commands for general use (HO)
))
("C:\Users\Yunes\AppData\Local\Programs\MiKTeX 2.9\tex\latex\environ\environ.st
y"
Package: environ 2014/05/04 v0.3 A new way to define environments

("C:\Users\Yunes\AppData\Local\Programs\MiKTeX 2.9\tex\latex\trimspaces\trimspa
ces.sty"
Package: trimspaces 2009/09/17 v1.1 Trim spaces around a token list
)
\@envbody=\toks20
)
\front@out=\write3
\openout3 = `Tesi-frn.tex'.

)
("C:\Users\Yunes\AppData\Local\Programs\MiKTeX 2.9\tex\latex\changepage\changep
age.sty"
Package: changepage 2009/10/20 v1.0c check page and change page layout
\c@cp@cntr=\count103
\cp@tempcnt=\count104
)
("C:\Users\Yunes\AppData\Local\Programs\MiKTeX 2.9\tex\latex\emptypage\emptypag
e.sty"
Package: emptypage 2010/05/30 v1.2 Suppress page numbers and headings on empty 
pages
)
("C:\Users\Yunes\AppData\Local\Programs\MiKTeX 2.9\tex\latex\tools\indentfirst.
sty"
Package: indentfirst 1995/11/23 v1.03 Indent first paragraph (DPC)
)
("C:\Users\Yunes\AppData\Local\Programs\MiKTeX 2.9\tex\latex\booktabs\booktabs.
sty"
Package: booktabs 2005/04/14 v1.61803 publication quality tables
\heavyrulewidth=\dimen117
\lightrulewidth=\dimen118
\cmidrulewidth=\dimen119
\belowrulesep=\dimen120
\belowbottomsep=\dimen121
\aboverulesep=\dimen122
\abovetopsep=\dimen123
\cmidrulesep=\dimen124
\cmidrulekern=\dimen125
\defaultaddspace=\dimen126
\@cmidla=\count105
\@cmidlb=\count106
\@aboverulesep=\dimen127
\@belowrulesep=\dimen128
\@thisruleclass=\count107
\@lastruleclass=\count108
\@thisrulewidth=\dimen129
)
("C:\Users\Yunes\AppData\Local\Programs\MiKTeX 2.9\tex\latex\tools\tabularx.sty
"
Package: tabularx 2016/02/03 v2.11b `tabularx' package (DPC)
 ("C:\Users\Yunes\AppData\Local\Programs\MiKTeX 2.9\tex\latex\tools\array.sty"
Package: array 2018/04/30 v2.4h Tabular extension package (FMi)
\col@sep=\dimen130
\ar@mcellbox=\box28
\extrarowheight=\dimen131
\NC@list=\toks21
\extratabsurround=\skip52
\backup@length=\skip53
\ar@cellbox=\box29
)
\TX@col@width=\dimen132
\TX@old@table=\dimen133
\TX@old@col=\dimen134
\TX@target=\dimen135
\TX@delta=\dimen136
\TX@cols=\count109
\TX@ftn=\toks22
)
("C:\Users\Yunes\AppData\Local\Programs\MiKTeX 2.9\tex\latex\graphics\rotating.
sty"
Package: rotating 2016/08/11 v2.16d rotated objects in LaTeX

("C:\Users\Yunes\AppData\Local\Programs\MiKTeX 2.9\tex\latex\base\ifthen.sty"
Package: ifthen 2014/09/29 v1.1c Standard LaTeX ifthen package (DPC)
)
\c@r@tfl@t=\count110
\rotFPtop=\skip54
\rotFPbot=\skip55
\rot@float@box=\box30
\rot@mess@toks=\toks23
) ("C:\Users\Yunes\AppData\Local\Programs\MiKTeX 2.9\tex\latex\subfig\subfig.st
y"
Package: subfig 2005/06/28 ver: 1.3 subfig package

("C:\Users\Yunes\AppData\Local\Programs\MiKTeX 2.9\tex\latex\caption\caption.st
y"
Package: caption 2018/10/06 v3.3-154 Customizing captions (AR)

("C:\Users\Yunes\AppData\Local\Programs\MiKTeX 2.9\tex\latex\caption\caption3.s
ty"
Package: caption3 2018/09/12 v1.8c caption3 kernel (AR)
Package caption3 Info: TeX engine: e-TeX on input line 64.
\captionmargin=\dimen137
\captionmargin@=\dimen138
\captionwidth=\dimen139
\caption@tempdima=\dimen140
\caption@indent=\dimen141
\caption@parindent=\dimen142
\caption@hangindent=\dimen143
)
\c@caption@flags=\count111
\c@ContinuedFloat=\count112
Package caption Info: rotating package is loaded.
)
\c@KVtest=\count113
\sf@farskip=\skip56
\sf@captopadj=\dimen144
\sf@capskip=\skip57
\sf@nearskip=\skip58
\c@subfigure=\count114
\c@subfigure@save=\count115
\c@lofdepth=\count116
\c@subtable=\count117
\c@subtable@save=\count118
\c@lotdepth=\count119
\sf@top=\skip59
\sf@bottom=\skip60
)
("C:\Users\Yunes\AppData\Local\Programs\MiKTeX 2.9\tex\latex\listings\listings.
sty"
\lst@mode=\count120
\lst@gtempboxa=\box31
\lst@token=\toks24
\lst@length=\count121
\lst@currlwidth=\dimen145
\lst@column=\count122
\lst@pos=\count123
\lst@lostspace=\dimen146
\lst@width=\dimen147
\lst@newlines=\count124
\lst@lineno=\count125
\lst@maxwidth=\dimen148

("C:\Users\Yunes\AppData\Local\Programs\MiKTeX 2.9\tex\latex\listings\lstmisc.s
ty"
File: lstmisc.sty 2018/09/02 1.7 (Carsten Heinz)
\c@lstnumber=\count126
\lst@skipnumbers=\count127
\lst@framebox=\box32
)
("C:\Users\Yunes\AppData\Local\Programs\MiKTeX 2.9\tex\latex\listings\listings.
cfg"
File: listings.cfg 2018/09/02 1.7 listings configuration
))
Package: listings 2018/09/02 1.7 (Carsten Heinz)

("C:\Users\Yunes\AppData\Local\Programs\MiKTeX 2.9\tex\latex\quoting\quoting.st
y"
Package: quoting 2014/01/28 v0.1c Consolidated environment for displayed text

("C:\Users\Yunes\AppData\Local\Programs\MiKTeX 2.9\tex\latex\oberdiek\kvoptions
.sty"
Package: kvoptions 2016/05/16 v3.12 Key value format for package options (HO)

("C:\Users\Yunes\AppData\Local\Programs\MiKTeX 2.9\tex\generic\oberdiek\kvsetke
ys.sty"
Package: kvsetkeys 2016/05/16 v1.17 Key value parser (HO)

("C:\Users\Yunes\AppData\Local\Programs\MiKTeX 2.9\tex\generic\oberdiek\etexcmd
s.sty"
Package: etexcmds 2016/05/16 v1.6 Avoid name clashes with e-TeX commands (HO)

("C:\Users\Yunes\AppData\Local\Programs\MiKTeX 2.9\tex\generic\oberdiek\ifluate
x.sty"
Package: ifluatex 2016/05/16 v1.4 Provides the ifluatex switch (HO)
Package ifluatex Info: LuaTeX not detected.
)
Package etexcmds Info: Could not find \expanded.
(etexcmds)             That can mean that you are not using pdfTeX 1.50 or
(etexcmds)             that some package has redefined \expanded.
(etexcmds)             In the latter case, load this package earlier.
)))
\quo@toppartop=\skip61
)
("C:\Users\Yunes\AppData\Local\Programs\MiKTeX 2.9\tex\latex\amsmath\amsmath.st
y"
Package: amsmath 2017/09/02 v2.17a AMS math features
\@mathmargin=\skip62

For additional information on amsmath, use the `?' option.

("C:\Users\Yunes\AppData\Local\Programs\MiKTeX 2.9\tex\latex\amsmath\amstext.st
y"
Package: amstext 2000/06/29 v2.01 AMS text

("C:\Users\Yunes\AppData\Local\Programs\MiKTeX 2.9\tex\latex\amsmath\amsgen.sty
"
File: amsgen.sty 1999/11/30 v2.0 generic functions
\@emptytoks=\toks25
\ex@=\dimen149
))
("C:\Users\Yunes\AppData\Local\Programs\MiKTeX 2.9\tex\latex\amsmath\amsbsy.sty
"
Package: amsbsy 1999/11/29 v1.2d Bold Symbols
\pmbraise@=\dimen150
)
("C:\Users\Yunes\AppData\Local\Programs\MiKTeX 2.9\tex\latex\amsmath\amsopn.sty
"
Package: amsopn 2016/03/08 v2.02 operator names
)
\inf@bad=\count128
LaTeX Info: Redefining \frac on input line 213.
\uproot@=\count129
\leftroot@=\count130
LaTeX Info: Redefining \overline on input line 375.
\classnum@=\count131
\DOTSCASE@=\count132
LaTeX Info: Redefining \ldots on input line 472.
LaTeX Info: Redefining \dots on input line 475.
LaTeX Info: Redefining \cdots on input line 596.
\Mathstrutbox@=\box33
\strutbox@=\box34
\big@size=\dimen151
LaTeX Font Info:    Redeclaring font encoding OML on input line 712.
LaTeX Font Info:    Redeclaring font encoding OMS on input line 713.
\macc@depth=\count133
\c@MaxMatrixCols=\count134
\dotsspace@=\muskip10
\c@parentequation=\count135
\dspbrk@lvl=\count136
\tag@help=\toks26
\row@=\count137
\column@=\count138
\maxfields@=\count139
\andhelp@=\toks27
\eqnshift@=\dimen152
\alignsep@=\dimen153
\tagshift@=\dimen154
\tagwidth@=\dimen155
\totwidth@=\dimen156
\lineht@=\dimen157
\@envbody=\toks28
\multlinegap=\skip63
\multlinetaggap=\skip64
\mathdisplay@stack=\toks29
LaTeX Info: Redefining \[ on input line 2817.
LaTeX Info: Redefining \] on input line 2818.
)
("C:\Users\Yunes\AppData\Local\Programs\MiKTeX 2.9\tex\latex\amsfonts\amssymb.s
ty"
Package: amssymb 2013/01/14 v3.01 AMS font symbols

("C:\Users\Yunes\AppData\Local\Programs\MiKTeX 2.9\tex\latex\amsfonts\amsfonts.
sty"
Package: amsfonts 2013/01/14 v3.01 Basic AMSFonts support
\symAMSa=\mathgroup4
\symAMSb=\mathgroup5
LaTeX Font Info:    Overwriting math alphabet `\mathfrak' in version `bold'
(Font)                  U/euf/m/n --> U/euf/b/n on input line 106.
))
("C:\Users\Yunes\AppData\Local\Programs\MiKTeX 2.9\tex\latex\mathtools\mathtool
s.sty"
Package: mathtools 2018/01/08 v1.21 mathematical typesetting tools

("C:\Users\Yunes\AppData\Local\Programs\MiKTeX 2.9\tex\latex\mathtools\mhsetup.
sty"
Package: mhsetup 2017/03/31 v1.3 programming setup (MH)
)
LaTeX Info: Thecontrolsequence`\('isalreadyrobust on input line 129.
LaTeX Info: Thecontrolsequence`\)'isalreadyrobust on input line 129.
LaTeX Info: Thecontrolsequence`\['isalreadyrobust on input line 129.
LaTeX Info: Thecontrolsequence`\]'isalreadyrobust on input line 129.
\g_MT_multlinerow_int=\count140
\l_MT_multwidth_dim=\dimen158
\origjot=\skip65
\l_MT_shortvdotswithinadjustabove_dim=\dimen159
\l_MT_shortvdotswithinadjustbelow_dim=\dimen160
\l_MT_above_intertext_sep=\dimen161
\l_MT_below_intertext_sep=\dimen162
\l_MT_above_shortintertext_sep=\dimen163
\l_MT_below_shortintertext_sep=\dimen164
)
("C:\Users\Yunes\AppData\Local\Programs\MiKTeX 2.9\tex\latex\amscls\amsthm.sty"
Package: amsthm 2017/10/31 v2.20.4
\thm@style=\toks30
\thm@bodyfont=\toks31
\thm@headfont=\toks32
\thm@notefont=\toks33
\thm@headpunct=\toks34
\thm@preskip=\skip66
\thm@postskip=\skip67
\thm@headsep=\skip68
\dth@everypar=\toks35
)
("C:\Users\Yunes\AppData\Local\Programs\MiKTeX 2.9\tex\latex\siunitx\siunitx.st
y"
("C:\Users\Yunes\AppData\Local\Programs\MiKTeX 2.9\tex\latex\l3kernel\expl3.sty
"
Package: expl3 2018-10-19 L3 programming layer (loader) 

("C:\Users\Yunes\AppData\Local\Programs\MiKTeX 2.9\tex\latex\l3kernel\expl3-cod
e.tex"
Package: expl3 2018-10-19 L3 programming layer (code)
\c_max_int=\count141
\l_tmpa_int=\count142
\l_tmpb_int=\count143
\g_tmpa_int=\count144
\g_tmpb_int=\count145
\g__kernel_prg_map_int=\count146
\c_log_iow=\count147
\l_iow_line_count_int=\count148
\l__iow_line_target_int=\count149
\l__iow_one_indent_int=\count150
\l__iow_indent_int=\count151
\c_zero_dim=\dimen165
\c_max_dim=\dimen166
\l_tmpa_dim=\dimen167
\l_tmpb_dim=\dimen168
\g_tmpa_dim=\dimen169
\g_tmpb_dim=\dimen170
\c_zero_skip=\skip69
\c_max_skip=\skip70
\l_tmpa_skip=\skip71
\l_tmpb_skip=\skip72
\g_tmpa_skip=\skip73
\g_tmpb_skip=\skip74
\c_zero_muskip=\muskip11
\c_max_muskip=\muskip12
\l_tmpa_muskip=\muskip13
\l_tmpb_muskip=\muskip14
\g_tmpa_muskip=\muskip15
\g_tmpb_muskip=\muskip16
\l_keys_choice_int=\count152
\l__intarray_loop_int=\count153
\c__intarray_sp_dim=\dimen171
\g__intarray_font_int=\count154
\c__fp_leading_shift_int=\count155
\c__fp_middle_shift_int=\count156
\c__fp_trailing_shift_int=\count157
\c__fp_big_leading_shift_int=\count158
\c__fp_big_middle_shift_int=\count159
\c__fp_big_trailing_shift_int=\count160
\c__fp_Bigg_leading_shift_int=\count161
\c__fp_Bigg_middle_shift_int=\count162
\c__fp_Bigg_trailing_shift_int=\count163
\c__kernel_randint_max_int=\count164
\g__fp_array_int=\count165
\l__fp_array_loop_int=\count166
\l__sort_length_int=\count167
\l__sort_min_int=\count168
\l__sort_top_int=\count169
\l__sort_max_int=\count170
\l__sort_true_max_int=\count171
\l__sort_block_int=\count172
\l__sort_begin_int=\count173
\l__sort_end_int=\count174
\l__sort_A_int=\count175
\l__sort_B_int=\count176
\l__sort_C_int=\count177
\l__tl_analysis_normal_int=\count178
\l__tl_analysis_index_int=\count179
\l__tl_analysis_nesting_int=\count180
\l__tl_analysis_type_int=\count181
\l__regex_internal_a_int=\count182
\l__regex_internal_b_int=\count183
\l__regex_internal_c_int=\count184
\l__regex_balance_int=\count185
\l__regex_group_level_int=\count186
\l__regex_mode_int=\count187
\c__regex_cs_in_class_mode_int=\count188
\c__regex_cs_mode_int=\count189
\l__regex_catcodes_int=\count190
\l__regex_default_catcodes_int=\count191
\c__regex_catcode_D_int=\count192
\c__regex_catcode_S_int=\count193
\c__regex_catcode_L_int=\count194
\c__regex_catcode_O_int=\count195
\c__regex_catcode_A_int=\count196
\c__regex_all_catcodes_int=\count197
\l__regex_show_lines_int=\count198
\l__regex_min_state_int=\count199
\l__regex_max_state_int=\count266
\l__regex_left_state_int=\count267
\l__regex_right_state_int=\count268
\l__regex_capturing_group_int=\count269
\l__regex_min_pos_int=\count270
\l__regex_max_pos_int=\count271
\l__regex_curr_pos_int=\count272
\l__regex_start_pos_int=\count273
\l__regex_success_pos_int=\count274
\l__regex_curr_char_int=\count275
\l__regex_curr_catcode_int=\count276
\l__regex_last_char_int=\count277
\l__regex_case_changed_char_int=\count278
\l__regex_curr_state_int=\count279
\l__regex_step_int=\count280
\l__regex_min_active_int=\count281
\l__regex_max_active_int=\count282
\l__regex_replacement_csnames_int=\count283
\l__regex_match_count_int=\count284
\l__regex_min_submatch_int=\count285
\l__regex_submatch_int=\count286
\l__regex_zeroth_submatch_int=\count287
\g__regex_trace_regex_int=\count288
\c_empty_box=\box35
\l_tmpa_box=\box36
\l_tmpb_box=\box37
\g_tmpa_box=\box38
\g_tmpb_box=\box39
\l__box_top_dim=\dimen172
\l__box_bottom_dim=\dimen173
\l__box_left_dim=\dimen174
\l__box_right_dim=\dimen175
\l__box_top_new_dim=\dimen176
\l__box_bottom_new_dim=\dimen177
\l__box_left_new_dim=\dimen178
\l__box_right_new_dim=\dimen179
\l__box_internal_box=\box40
\l__coffin_internal_box=\box41
\l__coffin_internal_dim=\dimen180
\l__coffin_offset_x_dim=\dimen181
\l__coffin_offset_y_dim=\dimen182
\l__coffin_x_dim=\dimen183
\l__coffin_y_dim=\dimen184
\l__coffin_x_prime_dim=\dimen185
\l__coffin_y_prime_dim=\dimen186
\c_empty_coffin=\box42
\l__coffin_aligned_coffin=\box43
\l__coffin_aligned_internal_coffin=\box44
\l_tmpa_coffin=\box45
\l_tmpb_coffin=\box46
\l__coffin_display_coffin=\box47
\l__coffin_display_coord_coffin=\box48
\l__coffin_display_pole_coffin=\box49
\l__coffin_display_offset_dim=\dimen187
\l__coffin_display_x_dim=\dimen188
\l__coffin_display_y_dim=\dimen189
\g__file_internal_ior=\read1
\l__coffin_bounding_shift_dim=\dimen190
\l__coffin_left_corner_dim=\dimen191
\l__coffin_right_corner_dim=\dimen192
\l__coffin_bottom_corner_dim=\dimen193
\l__coffin_top_corner_dim=\dimen194
\l__coffin_scaled_total_height_dim=\dimen195
\l__coffin_scaled_width_dim=\dimen196
\l__seq_internal_a_int=\count289
\l__seq_internal_b_int=\count290
)
("C:\Users\Yunes\AppData\Local\Programs\MiKTeX 2.9\tex\latex\l3kernel\l3pdfmode
.def"
File: l3pdfmode.def 2018-10-19 v L3 Experimental driver: PDF mode
\l__driver_color_stack_int=\count291
))
("C:\Users\Yunes\AppData\Local\Programs\MiKTeX 2.9\tex\latex\l3packages\xparse\
xparse.sty"
Package: xparse 2018-10-17 L3 Experimental document command parser
\l__xparse_current_arg_int=\count292
\g__xparse_grabber_int=\count293
\l__xparse_m_args_int=\count294
\l__xparse_mandatory_args_int=\count295
\l__xparse_v_nesting_int=\count296
)
Package: siunitx 2018/05/17 v2.7s A comprehensive (SI) units package

("C:\Users\Yunes\AppData\Local\Programs\MiKTeX 2.9\tex\latex\l3packages\l3keys2
e\l3keys2e.sty"
Package: l3keys2e 2018-10-17 LaTeX2e option processing using LaTeX3 keys
)
\l__siunitx_tmp_box=\box50
\l__siunitx_tmp_dim=\dimen197
\l__siunitx_tmp_int=\count297
\l__siunitx_number_mantissa_length_int=\count298
\l__siunitx_number_uncert_length_int=\count299
\l__siunitx_round_int=\count300
\l__siunitx_process_decimal_int=\count301
\l__siunitx_process_uncertainty_int=\count302
\l__siunitx_process_fixed_int=\count303
\l__siunitx_process_integer_min_int=\count304
\l__siunitx_process_precision_int=\count305
\l__siunitx_group_min_int=\count306
\l__siunitx_angle_marker_box=\box51
\l__siunitx_angle_unit_box=\box52
\l__siunitx_angle_marker_dim=\dimen198
\l__siunitx_angle_unit_dim=\dimen199
\l__siunitx_unit_int=\count307
\l__siunitx_unit_denominator_int=\count308
\l__siunitx_unit_numerator_int=\count309
\l__siunitx_unit_prefix_int=\count310
\l__siunitx_unit_prefix_base_int=\count311
\l__siunitx_unit_prefix_gram_int=\count312
\l__siunitx_number_product_int=\count313
\c__siunitx_one_fill_skip=\skip75
\l__siunitx_table_unit_align_skip=\skip76
\l__siunitx_table_exponent_dim=\dimen256
\l__siunitx_table_integer_dim=\dimen257
\l__siunitx_table_mantissa_dim=\dimen258
\l__siunitx_table_marker_dim=\dimen259
\l__siunitx_table_result_dim=\dimen260
\l__siunitx_table_uncert_dim=\dimen261
\l__siunitx_table_fill_pre_dim=\dimen262
\l__siunitx_table_fill_post_dim=\dimen263
\l__siunitx_table_fill_mid_dim=\dimen264
\l__siunitx_table_pre_box=\box53
\l__siunitx_table_post_box=\box54
\l__siunitx_table_mantissa_box=\box55
\l__siunitx_table_result_box=\box56
\l__siunitx_table_number_align_skip=\skip77
\l__siunitx_table_text_align_skip=\skip78

("C:\Users\Yunes\AppData\Local\Programs\MiKTeX 2.9\tex\latex\translator\transla
tor.sty"
Package: translator 2018/01/04 v1.12 Easy translation of strings in LaTeX
))
("C:\Users\Yunes\AppData\Local\Programs\MiKTeX 2.9\tex\latex\tools\varioref.sty
"
Package: varioref 2016/02/16 v1.5c package for extended references (FMi)
\c@vrcnt=\count314
)
("C:\Users\Yunes\AppData\Local\Programs\MiKTeX 2.9\tex\latex\mparhack\mparhack.
sty"
Package: mparhack 2005/04/17 v1.4 (T. Sgouros and S. Ulrich)
)
("C:\Users\Yunes\AppData\Local\Programs\MiKTeX 2.9\tex\latex\base\fixltx2e.sty"
Package: fixltx2e 2016/12/29 v2.1a fixes to LaTeX (obsolete)
Applying: [2015/01/01] Old fixltx2e package on input line 46.

Package fixltx2e Warning: fixltx2e is not required with releases after 2015
(fixltx2e)                All fixes are now in the LaTeX kernel.
(fixltx2e)                See the latexrelease package for details.

Already applied: [0000/00/00] Old fixltx2e package on input line 53.
)
("C:\Users\Yunes\AppData\Local\Programs\MiKTeX 2.9\tex\latex\relsize\relsize.st
y"
Package: relsize 2013/03/29 ver 4.1
)
("C:\Users\Yunes\AppData\Local\Programs\MiKTeX 2.9\tex\latex\xcolor\xcolor.sty"
Package: xcolor 2016/05/11 v2.12 LaTeX color extensions (UK)

("C:\Users\Yunes\AppData\Local\Programs\MiKTeX 2.9\tex\latex\graphics-cfg\color
.cfg"
File: color.cfg 2016/01/02 v1.6 sample color configuration
)
Package xcolor Info: Driver file: pdftex.def on input line 225.
Package xcolor Info: Model `cmy' substituted by `cmy0' on input line 1348.
Package xcolor Info: Model `hsb' substituted by `rgb' on input line 1352.
Package xcolor Info: Model `RGB' extended on input line 1364.
Package xcolor Info: Model `HTML' substituted by `rgb' on input line 1366.
Package xcolor Info: Model `Hsb' substituted by `hsb' on input line 1367.
Package xcolor Info: Model `tHsb' substituted by `hsb' on input line 1368.
Package xcolor Info: Model `HSB' substituted by `hsb' on input line 1369.
Package xcolor Info: Model `Gray' substituted by `gray' on input line 1370.
Package xcolor Info: Model `wave' substituted by `hsb' on input line 1371.

("C:\Users\Yunes\AppData\Local\Programs\MiKTeX 2.9\tex\latex\graphics\dvipsnam.
def"
File: dvipsnam.def 2016/06/17 v3.0m Driver-dependent file (DPC,SPQR)
))
("C:\Users\Yunes\AppData\Local\Programs\MiKTeX 2.9\tex\latex\lipsum\lipsum.sty"
Package: lipsum 2014/07/27 v1.3 150 paragraphs of Lorem Ipsum dummy text
\c@lips@count=\count315
)
("C:\Users\Yunes\AppData\Local\Programs\MiKTeX 2.9\tex\latex\eurosym\eurosym.st
y"
Package: eurosym 1998/08/06 v1.1 European currency symbol ``Euro''
\@eurobox=\box57
)
("C:\Users\Yunes\AppData\Local\Programs\MiKTeX 2.9\tex\latex\hyperref\hyperref.
sty"
Package: hyperref 2018/09/30 v6.88a Hypertext links for LaTeX

("C:\Users\Yunes\AppData\Local\Programs\MiKTeX 2.9\tex\generic\oberdiek\hobsub-
hyperref.sty"
Package: hobsub-hyperref 2016/05/16 v1.14 Bundle oberdiek, subset hyperref (HO)


("C:\Users\Yunes\AppData\Local\Programs\MiKTeX 2.9\tex\generic\oberdiek\hobsub-
generic.sty"
Package: hobsub-generic 2016/05/16 v1.14 Bundle oberdiek, subset generic (HO)
Package: hobsub 2016/05/16 v1.14 Construct package bundles (HO)
Package hobsub Info: Skipping package `infwarerr' (already loaded).
Package hobsub Info: Skipping package `ltxcmds' (already loaded).
Package hobsub Info: Skipping package `ifluatex' (already loaded).
Package hobsub Info: Skipping package `ifvtex' (already loaded).
Package: intcalc 2016/05/16 v1.2 Expandable calculations with integers (HO)
Package hobsub Info: Skipping package `ifpdf' (already loaded).
Package hobsub Info: Skipping package `etexcmds' (already loaded).
Package hobsub Info: Skipping package `kvsetkeys' (already loaded).
Package: kvdefinekeys 2016/05/16 v1.4 Define keys (HO)
Package: pdftexcmds 2018/09/10 v0.29 Utility functions of pdfTeX for LuaTeX (HO
)
Package pdftexcmds Info: LuaTeX not detected.
Package pdftexcmds Info: \pdf@primitive is available.
Package pdftexcmds Info: \pdf@ifprimitive is available.
Package pdftexcmds Info: \pdfdraftmode found.
Package: pdfescape 2016/05/16 v1.14 Implements pdfTeX's escape features (HO)
Package: bigintcalc 2016/05/16 v1.4 Expandable calculations on big integers (HO
)
Package: bitset 2016/05/16 v1.2 Handle bit-vector datatype (HO)
Package: uniquecounter 2016/05/16 v1.3 Provide unlimited unique counter (HO)
)
Package hobsub Info: Skipping package `hobsub' (already loaded).
Package: letltxmacro 2016/05/16 v1.5 Let assignment for LaTeX macros (HO)
Package: hopatch 2016/05/16 v1.3 Wrapper for package hooks (HO)
Package: xcolor-patch 2016/05/16 xcolor patch
Package: atveryend 2016/05/16 v1.9 Hooks at the very end of document (HO)
Package hobsub Info: Skipping package `atbegshi' (already loaded).
Package: refcount 2016/05/16 v3.5 Data extraction from label references (HO)
Package: hycolor 2016/05/16 v1.8 Color options for hyperref/bookmark (HO)
)
("C:\Users\Yunes\AppData\Local\Programs\MiKTeX 2.9\tex\latex\oberdiek\auxhook.s
ty"
Package: auxhook 2016/05/16 v1.4 Hooks for auxiliary files (HO)
)
\@linkdim=\dimen265
\Hy@linkcounter=\count316
\Hy@pagecounter=\count317

("C:\Users\Yunes\AppData\Local\Programs\MiKTeX 2.9\tex\latex\hyperref\pd1enc.de
f"
File: pd1enc.def 2018/09/30 v6.88a Hyperref: PDFDocEncoding definition (HO)
Now handling font encoding PD1 ...
... no UTF-8 mapping file for font encoding PD1
)
\Hy@SavedSpaceFactor=\count318

("C:\Users\Yunes\AppData\Local\Programs\MiKTeX 2.9\tex\latex\00miktex\hyperref.
cfg"
File: hyperref.cfg 2002/06/06 v1.2 hyperref configuration of TeXLive
)
Package hyperref Info: Hyper figures OFF on input line 4535.
Package hyperref Info: Link nesting OFF on input line 4540.
Package hyperref Info: Hyper index ON on input line 4543.
Package hyperref Info: Plain pages OFF on input line 4550.
Package hyperref Info: Backreferencing OFF on input line 4555.
Package hyperref Info: Implicit mode ON; LaTeX internals redefined.
Package hyperref Info: Bookmarks ON on input line 4788.
\c@Hy@tempcnt=\count319
 ("C:\Users\Yunes\AppData\Local\Programs\MiKTeX 2.9\tex\latex\url\url.sty"
\Urlmuskip=\muskip17
Package: url 2013/09/16  ver 3.4  Verb mode for urls, etc.
)
LaTeX Info: Redefining \url on input line 5141.
\XeTeXLinkMargin=\dimen266
\Fld@menulength=\count320
\Field@Width=\dimen267
\Fld@charsize=\dimen268
Package hyperref Info: Hyper figures OFF on input line 6396.
Package hyperref Info: Link nesting OFF on input line 6401.
Package hyperref Info: Hyper index ON on input line 6404.
Package hyperref Info: backreferencing OFF on input line 6411.
Package hyperref Info: Link coloring OFF on input line 6416.
Package hyperref Info: Link coloring with OCG OFF on input line 6421.
Package hyperref Info: PDF/A mode OFF on input line 6426.
LaTeX Info: Redefining \ref on input line 6466.
LaTeX Info: Redefining \pageref on input line 6470.
\Hy@abspage=\count321
\c@Item=\count322
\c@Hfootnote=\count323
)
Package hyperref Info: Driver (autodetected): hpdftex.

("C:\Users\Yunes\AppData\Local\Programs\MiKTeX 2.9\tex\latex\hyperref\hpdftex.d
ef"
File: hpdftex.def 2018/09/30 v6.88a Hyperref driver for pdfTeX
\Fld@listcount=\count324
\c@bookmark@seq@number=\count325

("C:\Users\Yunes\AppData\Local\Programs\MiKTeX 2.9\tex\latex\oberdiek\rerunfile
check.sty"
Package: rerunfilecheck 2016/05/16 v1.8 Rerun checks for auxiliary files (HO)
Package uniquecounter Info: New unique counter `rerunfilecheck' on input line 2
82.
)
\Hy@SectionHShift=\skip79
)
("C:\Users\Yunes\AppData\Local\Programs\MiKTeX 2.9\tex\latex\oberdiek\bookmark.
sty"
Package: bookmark 2016/05/17 v1.26 PDF bookmarks (HO)

("C:\Users\Yunes\AppData\Local\Programs\MiKTeX 2.9\tex\latex\oberdiek\bkm-pdfte
x.def"
File: bkm-pdftex.def 2016/05/17 v1.26 bookmark driver for pdfTeX (HO)
\BKM@id=\count326
))
("C:\Users\Yunes\AppData\Local\Programs\MiKTeX 2.9\tex\latex\guitlogo\guit.sty"
Package: guit 2012/08/17 v0.9.2 Logo del GuIT

("C:\Users\Yunes\AppData\Local\Programs\MiKTeX 2.9\tex\latex\xkeyval\xkeyval.st
y"
Package: xkeyval 2014/12/03 v2.7a package option processing (HA)

("C:\Users\Yunes\AppData\Local\Programs\MiKTeX 2.9\tex\generic\xkeyval\xkeyval.
tex"
("C:\Users\Yunes\AppData\Local\Programs\MiKTeX 2.9\tex\generic\xkeyval\xkvutils
.tex"
\XKV@toks=\toks36
\XKV@tempa@toks=\toks37
)
\XKV@depth=\count327
File: xkeyval.tex 2014/12/03 v2.7a key=value parser (HA)
))
("C:\Users\Yunes\AppData\Local\Programs\MiKTeX 2.9\tex\latex\guitlogo\guit.cfg"
File: guit.cfg 2009/07/31 v0.9.1 File di configurazione di guit.sty
))
("C:\Users\Yunes\AppData\Local\Programs\MiKTeX 2.9\tex\latex\fancyhdr\fancyhdr.
sty"
Package: fancyhdr 2017/06/30 v3.9a Extensive control of page headers and footer
s
\f@nch@headwidth=\skip80
\f@nch@O@elh=\skip81
\f@nch@O@erh=\skip82
\f@nch@O@olh=\skip83
\f@nch@O@orh=\skip84
\f@nch@O@elf=\skip85
\f@nch@O@erf=\skip86
\f@nch@O@olf=\skip87
\f@nch@O@orf=\skip88
)
("C:\Users\Yunes\AppData\Local\Programs\MiKTeX 2.9\tex\latex\colortbl\colortbl.
sty"
Package: colortbl 2018/05/02 v1.0c Color table columns (DPC)
\everycr=\toks38
\minrowclearance=\skip89
)
("C:\Users\Yunes\AppData\Local\Programs\MiKTeX 2.9\tex\latex\acronym\acronym.st
y"
Package: acronym 2015/03/21 v1.41 Support for acronyms (Tobias Oetiker)

("C:\Users\Yunes\AppData\Local\Programs\MiKTeX 2.9\tex\latex\bigfoot\suffix.sty
"
Package: suffix 2006/07/15 1.5a Variant command support
)
("C:\Users\Yunes\AppData\Local\Programs\MiKTeX 2.9\tex\latex\xstring\xstring.st
y"
("C:\Users\Yunes\AppData\Local\Programs\MiKTeX 2.9\tex\generic\xstring\xstring.
tex"
\@xs@message=\write4
\integerpart=\count328
\decimalpart=\count329
)
Package: xstring 2013/10/13  v1.7c  String manipulations (C Tellechea)
)
\AC@clearlist=\toks39
)
("C:\Users\Yunes\AppData\Local\Programs\MiKTeX 2.9\tex\latex\multirow\multirow.
sty"
Package: multirow 2018/08/03 v2.3 Span multiple rows of a table
\multirow@colwidth=\skip90
\multirow@cntb=\count330
\multirow@dima=\skip91
\bigstrutjot=\dimen269
)
("C:\Users\Yunes\AppData\Local\Programs\MiKTeX 2.9\tex\latex\pdfpages\pdfpages.
sty"
Package: pdfpages 2017/10/31 v0.5l Insert pages of external PDF documents (AM)

("C:\Users\Yunes\AppData\Local\Programs\MiKTeX 2.9\tex\latex\eso-pic\eso-pic.st
y"
Package: eso-pic 2018/04/12 v2.0h eso-pic (RN)
)
\AM@pagewidth=\dimen270
\AM@pageheight=\dimen271

("C:\Users\Yunes\AppData\Local\Programs\MiKTeX 2.9\tex\latex\pdfpages\pppdftex.
def"
File: pppdftex.def 2017/10/31 v0.5l Pdfpages driver for pdfTeX (AM)
)
\AM@pagebox=\box58
\AM@global@opts=\toks40
\AM@toc@title=\toks41
\c@AM@survey=\count331
\AM@templatesizebox=\box59
)
("C:\Users\Yunes\AppData\Local\Programs\MiKTeX 2.9\tex\latex\float\float.sty"
Package: float 2001/11/08 v1.3d Float enhancements (AL)
\c@float@type=\count332
\float@exts=\toks42
\float@box=\box60
\@float@everytoks=\toks43
\@floatcapt=\box61
)
(ImpostazioniTesi.tex
Package hyperref Info: Option `colorlinks' set `true' on input line 190.
Package hyperref Info: Option `linktocpage' set `true' on input line 190.
Package hyperref Info: Option `breaklinks' set `true' on input line 190.
Package hyperref Info: Option `pageanchor' set `true' on input line 190.
Package hyperref Info: Option `hypertexnames' set `true' on input line 190.
) (Tesi.aux

LaTeX Warning: Label `eq: n1' multiply defined.


LaTeX Warning: Label `fig: Si' multiply defined.


LaTeX Warning: Label `sub@fig: Si' multiply defined.


LaTeX Warning: Label `eq: beta' multiply defined.


LaTeX Warning: Label `fig :p3' multiply defined.


LaTeX Warning: Label `fig: System' multiply defined.


LaTeX Warning: Label `fig :p1' multiply defined.


LaTeX Warning: Label `fig: footprint_oe1' multiply defined.


LaTeX Warning: Label `sub@fig: footprint_oe1' multiply defined.


LaTeX Warning: Label `fig: footprint_oe2' multiply defined.


LaTeX Warning: Label `sub@fig: footprint_oe2' multiply defined.


LaTeX Warning: Label `fig: incidence angle' multiply defined.


LaTeX Warning: Label `fig: Y path' multiply defined.


LaTeX Warning: Label `sub@fig: Y path' multiply defined.


LaTeX Warning: Label `fig: XZ path' multiply defined.


LaTeX Warning: Label `sub@fig: XZ path' multiply defined.


LaTeX Warning: Label `fig: XYZ1 path' multiply defined.


LaTeX Warning: Label `sub@fig: XYZ1 path' multiply defined.


LaTeX Warning: Label `fig: XYZ2 path' multiply defined.


LaTeX Warning: Label `sub@fig: XYZ2 path' multiply defined.

)
\openout1 = `Tesi.aux'.

LaTeX Font Info:    Checking defaults for OML/cmm/m/it on input line 194.
LaTeX Font Info:    ... okay on input line 194.
LaTeX Font Info:    Checking defaults for T1/cmr/m/n on input line 194.
LaTeX Font Info:    ... okay on input line 194.
LaTeX Font Info:    Checking defaults for OT1/cmr/m/n on input line 194.
LaTeX Font Info:    ... okay on input line 194.
LaTeX Font Info:    Checking defaults for OMS/cmsy/m/n on input line 194.
LaTeX Font Info:    ... okay on input line 194.
LaTeX Font Info:    Checking defaults for OMX/cmex/m/n on input line 194.
LaTeX Font Info:    ... okay on input line 194.
LaTeX Font Info:    Checking defaults for U/cmr/m/n on input line 194.
LaTeX Font Info:    ... okay on input line 194.
LaTeX Font Info:    Checking defaults for PD1/pdf/m/n on input line 194.
LaTeX Font Info:    ... okay on input line 194.
LaTeX Font Info:    Try loading font information for T1+lmr on input line 194.
 ("C:\Users\Yunes\AppData\Local\Programs\MiKTeX 2.9\tex\latex\lm\t1lmr.fd"
File: t1lmr.fd 2009/10/30 v1.6 Font defs for Latin Modern
)
LaTeX Info: Redefining \it@ocap on input line 194.
LaTeX Info: Redefining \it@ccap on input line 194.
LaTeX Info: Redefining \microtypecontext on input line 194.
Package microtype Info: Generating PDF output.
Package microtype Info: Character protrusion enabled (level 2).
Package microtype Info: Using default protrusion set `alltext'.
Package microtype Info: Automatic font expansion enabled (level 2),
(microtype)             stretch: 20, shrink: 20, step: 1, non-selected.
Package microtype Info: Using default expansion set `basictext'.
Package microtype Info: No adjustment of tracking.
Package microtype Info: No adjustment of interword spacing.
Package microtype Info: No adjustment of character kerning.

("C:\Users\Yunes\AppData\Local\Programs\MiKTeX 2.9\tex\latex\microtype\mt-cmr.c
fg"
File: mt-cmr.cfg 2013/05/19 v2.2 microtype config. file: Computer Modern Roman 
(RS)
)
*geometry* driver: auto-detecting
*geometry* detected driver: pdftex
*geometry* verbose mode - [ preamble ] result:
* driver: pdftex
* paper: a4paper
* layout: <same size as paper>
* layoutoffset:(h,v)=(0.0pt,0.0pt)
* bindingoffset: 14.22636pt
* modes: twoside 
* h-part:(L,W,R)=(67.80325pt, 420.0pt, 95.47826pt)
* v-part:(T,H,B)=(68.5425pt, 679.57123pt, 96.93312pt)
* \paperwidth=597.50787pt
* \paperheight=845.04684pt
* \textwidth=420.0pt
* \textheight=679.57123pt
* \oddsidemargin=9.75963pt
* \evensidemargin=23.20827pt
* \topmargin=-35.60129pt
* \headheight=15.0pt
* \headsep=19.8738pt
* \topskip=12.0pt
* \footskip=30.0pt
* \marginparwidth=88.0pt
* \marginparsep=7.0pt
* \columnsep=10.0pt
* \skip\footins=10.8pt plus 4.0pt minus 2.0pt
* \hoffset=0.0pt
* \voffset=0.0pt
* \mag=1000
* \@twocolumnfalse
* \@twosidetrue
* \@mparswitchtrue
* \@reversemarginfalse
* (1in=72.27pt=25.4mm, 1cm=28.453pt)


("C:\Users\Yunes\AppData\Local\Programs\MiKTeX 2.9\tex\context\base\supp-pdf.mk
ii"
[Loading MPS to PDF converter (version 2006.09.02).]
\scratchcounter=\count333
\scratchdimen=\dimen272
\scratchbox=\box62
\nofMPsegments=\count334
\nofMParguments=\count335
\everyMPshowfont=\toks44
\MPscratchCnt=\count336
\MPscratchDim=\dimen273
\MPnumerator=\count337
\makeMPintoPDFobject=\count338
\everyMPtoPDFconversion=\toks45
)
("C:\Users\Yunes\AppData\Local\Programs\MiKTeX 2.9\tex\latex\oberdiek\epstopdf-
base.sty"
Package: epstopdf-base 2016/05/15 v2.6 Base part for package epstopdf

("C:\Users\Yunes\AppData\Local\Programs\MiKTeX 2.9\tex\latex\oberdiek\grfext.st
y"
Package: grfext 2016/05/16 v1.2 Manage graphics extensions (HO)
)
Package epstopdf-base Info: Redefining graphics rule for `.eps' on input line 4
38.
Package grfext Info: Graphics extension search list:
(grfext)             [.pdf,.png,.jpg,.mps,.jpeg,.jbig2,.jb2,.PDF,.PNG,.JPG,.JPE
G,.JBIG2,.JB2,.eps]
(grfext)             \AppendGraphicsExtensions on input line 456.
)
\AtBeginShipoutBox=\box63
Package caption Info: Begin \AtBeginDocument code.
Package caption Info: subfig package v1.3 is loaded.
Package caption Info: float package is loaded.
Package caption Info: hyperref package is loaded.
Package caption Info: listings package is loaded.
Package caption Info: End \AtBeginDocument code.
\c@lstlisting=\count339
Now handling font encoding TS1 ...
... processing UTF-8 mapping file for font encoding TS1

("C:\Users\Yunes\AppData\Local\Programs\MiKTeX 2.9\tex\latex\base\ts1enc.dfu"
File: ts1enc.dfu 2018/04/05 v1.2c UTF-8 support for inputenc
   defining Unicode char U+00A2 (decimal 162)
   defining Unicode char U+00A3 (decimal 163)
   defining Unicode char U+00A4 (decimal 164)
   defining Unicode char U+00A5 (decimal 165)
   defining Unicode char U+00A6 (decimal 166)
   defining Unicode char U+00A7 (decimal 167)
   defining Unicode char U+00A8 (decimal 168)
   defining Unicode char U+00A9 (decimal 169)
   defining Unicode char U+00AA (decimal 170)
   defining Unicode char U+00AC (decimal 172)
   defining Unicode char U+00AE (decimal 174)
   defining Unicode char U+00AF (decimal 175)
   defining Unicode char U+00B0 (decimal 176)
   defining Unicode char U+00B1 (decimal 177)
   defining Unicode char U+00B2 (decimal 178)
   defining Unicode char U+00B3 (decimal 179)
   defining Unicode char U+00B4 (decimal 180)
   defining Unicode char U+00B5 (decimal 181)
   defining Unicode char U+00B6 (decimal 182)
   defining Unicode char U+00B7 (decimal 183)
   defining Unicode char U+00B9 (decimal 185)
   defining Unicode char U+00BA (decimal 186)
   defining Unicode char U+00BC (decimal 188)
   defining Unicode char U+00BD (decimal 189)
   defining Unicode char U+00BE (decimal 190)
   defining Unicode char U+00D7 (decimal 215)
   defining Unicode char U+00F7 (decimal 247)
   defining Unicode char U+0192 (decimal 402)
   defining Unicode char U+02C7 (decimal 711)
   defining Unicode char U+02D8 (decimal 728)
   defining Unicode char U+02DD (decimal 733)
   defining Unicode char U+0E3F (decimal 3647)
   defining Unicode char U+2016 (decimal 8214)
   defining Unicode char U+2020 (decimal 8224)
   defining Unicode char U+2021 (decimal 8225)
   defining Unicode char U+2022 (decimal 8226)
   defining Unicode char U+2030 (decimal 8240)
   defining Unicode char U+2031 (decimal 8241)
   defining Unicode char U+203B (decimal 8251)
   defining Unicode char U+203D (decimal 8253)
   defining Unicode char U+2044 (decimal 8260)
   defining Unicode char U+204E (decimal 8270)
   defining Unicode char U+2052 (decimal 8274)
   defining Unicode char U+20A1 (decimal 8353)
   defining Unicode char U+20A4 (decimal 8356)
   defining Unicode char U+20A6 (decimal 8358)
   defining Unicode char U+20A9 (decimal 8361)
   defining Unicode char U+20AB (decimal 8363)
   defining Unicode char U+20AC (decimal 8364)
   defining Unicode char U+20B1 (decimal 8369)
   defining Unicode char U+2103 (decimal 8451)
   defining Unicode char U+2116 (decimal 8470)
   defining Unicode char U+2117 (decimal 8471)
   defining Unicode char U+211E (decimal 8478)
   defining Unicode char U+2120 (decimal 8480)
   defining Unicode char U+2122 (decimal 8482)
   defining Unicode char U+2126 (decimal 8486)
   defining Unicode char U+2127 (decimal 8487)
   defining Unicode char U+212E (decimal 8494)
   defining Unicode char U+2190 (decimal 8592)
   defining Unicode char U+2191 (decimal 8593)
   defining Unicode char U+2192 (decimal 8594)
   defining Unicode char U+2193 (decimal 8595)
   defining Unicode char U+2329 (decimal 9001)
   defining Unicode char U+232A (decimal 9002)
   defining Unicode char U+2422 (decimal 9250)
   defining Unicode char U+25E6 (decimal 9702)
   defining Unicode char U+25EF (decimal 9711)
   defining Unicode char U+266A (decimal 9834)
   defining Unicode char U+FEFF (decimal 65279)
)
("C:\Users\Yunes\AppData\Local\Programs\MiKTeX 2.9\tex\latex\translator\transla
tor-basic-dictionary-English.dict"
Dictionary: translator-basic-dictionary, Language: English 
)
("C:\Users\Yunes\AppData\Local\Programs\MiKTeX 2.9\tex\latex\siunitx\siunitx-ab
breviations.cfg"
File: siunitx-abbreviations.cfg 2017/11/26 v2.7k siunitx: Abbreviated units
)
Package hyperref Info: Link coloring ON on input line 194.

("C:\Users\Yunes\AppData\Local\Programs\MiKTeX 2.9\tex\latex\hyperref\nameref.s
ty"
Package: nameref 2016/05/21 v2.44 Cross-referencing by name of section

("C:\Users\Yunes\AppData\Local\Programs\MiKTeX 2.9\tex\generic\oberdiek\gettitl
estring.sty"
Package: gettitlestring 2016/05/16 v1.5 Cleanup title references (HO)
)
\c@section@level=\count340
LaTeX Info: Redefining \Ref on input line 515.
)
LaTeX Info: Redefining \ref on input line 194.
LaTeX Info: Redefining \pageref on input line 194.
LaTeX Info: Redefining \nameref on input line 194.
LaTeX Info: Redefining \Ref on input line 194.

("C:\Users\Yunes\AppData\Local\Programs\MiKTeX 2.9\tex\latex\oberdiek\pdflscape
.sty"
Package: pdflscape 2016/05/14 v0.11 Display of landscape pages in PDF (HO)

("C:\Users\Yunes\AppData\Local\Programs\MiKTeX 2.9\tex\latex\graphics\lscape.st
y"
Package: lscape 2000/10/22 v3.01 Landscape Pages (DPC)
)
Package pdflscape Info: Auto-detected driver: pdftex on input line 81.
)
LaTeX Font Info:    Try loading font information for OT1+lmr on input line 194.

 ("C:\Users\Yunes\AppData\Local\Programs\MiKTeX 2.9\tex\latex\lm\ot1lmr.fd"
File: ot1lmr.fd 2009/10/30 v1.6 Font defs for Latin Modern
)
LaTeX Font Info:    Try loading font information for OML+lmm on input line 194.

 ("C:\Users\Yunes\AppData\Local\Programs\MiKTeX 2.9\tex\latex\lm\omllmm.fd"
File: omllmm.fd 2009/10/30 v1.6 Font defs for Latin Modern
)
LaTeX Font Info:    Try loading font information for OMS+lmsy on input line 194
.

("C:\Users\Yunes\AppData\Local\Programs\MiKTeX 2.9\tex\latex\lm\omslmsy.fd"
File: omslmsy.fd 2009/10/30 v1.6 Font defs for Latin Modern
)
LaTeX Font Info:    Try loading font information for OMX+lmex on input line 194
.

("C:\Users\Yunes\AppData\Local\Programs\MiKTeX 2.9\tex\latex\lm\omxlmex.fd"
File: omxlmex.fd 2009/10/30 v1.6 Font defs for Latin Modern
)
LaTeX Font Info:    External font `lmex10' loaded for size
(Font)              <12> on input line 194.
LaTeX Font Info:    External font `lmex10' loaded for size
(Font)              <8> on input line 194.
LaTeX Font Info:    External font `lmex10' loaded for size
(Font)              <6> on input line 194.
LaTeX Font Info:    Try loading font information for U+msa on input line 194.

("C:\Users\Yunes\AppData\Local\Programs\MiKTeX 2.9\tex\latex\amsfonts\umsa.fd"
File: umsa.fd 2013/01/14 v3.01 AMS symbols A
)
("C:\Users\Yunes\AppData\Local\Programs\MiKTeX 2.9\tex\latex\microtype\mt-msa.c
fg"
File: mt-msa.cfg 2006/02/04 v1.1 microtype config. file: AMS symbols (a) (RS)
)
LaTeX Font Info:    Try loading font information for U+msb on input line 194.

("C:\Users\Yunes\AppData\Local\Programs\MiKTeX 2.9\tex\latex\amsfonts\umsb.fd"
File: umsb.fd 2013/01/14 v3.01 AMS symbols B
)
("C:\Users\Yunes\AppData\Local\Programs\MiKTeX 2.9\tex\latex\microtype\mt-msb.c
fg"
File: mt-msb.cfg 2005/06/01 v1.0 microtype config. file: AMS symbols (b) (RS)
)
LaTeX Font Info:    Try loading font information for OT1+lmss on input line 194
.
 ("C:\Users\Yunes\AppData\Local\Programs\MiKTeX 2.9\tex\latex\lm\ot1lmss.fd"
File: ot1lmss.fd 2009/10/30 v1.6 Font defs for Latin Modern
)
Package microtype Info: Loading generic protrusion settings for font family
(microtype)             `lmss' (encoding: OT1).
(microtype)             For optimal results, create family-specific settings.
(microtype)             See the microtype manual for details.
LaTeX Font Info:    Try loading font information for OT1+lmtt on input line 194
.
 ("C:\Users\Yunes\AppData\Local\Programs\MiKTeX 2.9\tex\latex\lm\ot1lmtt.fd"
File: ot1lmtt.fd 2009/10/30 v1.6 Font defs for Latin Modern
)
Package microtype Info: Loading generic protrusion settings for font family
(microtype)             `lmtt' (encoding: OT1).
(microtype)             For optimal results, create family-specific settings.
(microtype)             See the microtype manual for details.


pdfTeX warning: pdflatex (file ./Frontespizio-Official-Word.pdf): PDF inclusion
: found PDF version <1.7>, but at most version <1.5> allowed
<Frontespizio-Official-Word.pdf, id=3, 614.295pt x 794.97pt>
File: Frontespizio-Official-Word.pdf Graphic file (type pdf)
<use Frontespizio-Official-Word.pdf>
Package pdftex.def Info: Frontespizio-Official-Word.pdf  used on input line 210
.
(pdftex.def)             Requested size: 614.29349pt x 794.96806pt.


pdfTeX warning: pdflatex (file ./Frontespizio-Official-Word.pdf): PDF inclusion
: found PDF version <1.7>, but at most version <1.5> allowed
File: Frontespizio-Official-Word.pdf Graphic file (type pdf)
<use Frontespizio-Official-Word.pdf>
Package pdftex.def Info: Frontespizio-Official-Word.pdf  used on input line 210
.
(pdftex.def)             Requested size: 614.29349pt x 794.96806pt.


pdfTeX warning: pdflatex (file ./Frontespizio-Official-Word.pdf): PDF inclusion
: found PDF version <1.7>, but at most version <1.5> allowed


pdfTeX warning: pdflatex (file ./Frontespizio-Official-Word.pdf): PDF inclusion
: found PDF version <1.7>, but at most version <1.5> allowed
<Frontespizio-Official-Word.pdf, id=6, page=1, 614.295pt x 794.97pt>
File: Frontespizio-Official-Word.pdf Graphic file (type pdf)
<use Frontespizio-Official-Word.pdf, page 1>
Package pdftex.def Info: Frontespizio-Official-Word.pdf , page1 used on input l
ine 210.
(pdftex.def)             Requested size: 614.29349pt x 794.96806pt.
File: Frontespizio-Official-Word.pdf Graphic file (type pdf)
<use Frontespizio-Official-Word.pdf, page 1>
Package pdftex.def Info: Frontespizio-Official-Word.pdf , page1 used on input l
ine 210.
(pdftex.def)             Requested size: 597.78697pt x 773.60669pt.
File: Frontespizio-Official-Word.pdf Graphic file (type pdf)
<use Frontespizio-Official-Word.pdf, page 1>
Package pdftex.def Info: Frontespizio-Official-Word.pdf , page1 used on input l
ine 210.
(pdftex.def)             Requested size: 597.78697pt x 773.60669pt.
File: Frontespizio-Official-Word.pdf Graphic file (type pdf)
<use Frontespizio-Official-Word.pdf, page 1>
Package pdftex.def Info: Frontespizio-Official-Word.pdf , page1 used on input l
ine 210.
(pdftex.def)             Requested size: 597.78697pt x 773.60669pt.
File: Frontespizio-Official-Word.pdf Graphic file (type pdf)
<use Frontespizio-Official-Word.pdf, page 1>
Package pdftex.def Info: Frontespizio-Official-Word.pdf , page1 used on input l
ine 210.
(pdftex.def)             Requested size: 597.78697pt x 773.60669pt.
[1



 <./Frontespizio-Official-Word.pdf>] (FrontMatter/Colophon.tex
LaTeX Font Info:    Try loading font information for OMS+lmr on input line 36.

("C:\Users\Yunes\AppData\Local\Programs\MiKTeX 2.9\tex\latex\lm\omslmr.fd"
File: omslmr.fd 2009/10/30 v1.6 Font defs for Latin Modern
)
LaTeX Font Info:    Font shape `OMS/lmr/m/n' in size <12> not available
(Font)              Font shape `OMS/lmsy/m/n' tried instead on input line 36.
)
(FrontMatter/Dedica.tex [2

{C:/Users/Yunes/AppData/Local/MiKTeX/2.9/pdftex/config/pdftex.map}]) (FrontMatt
er/Indici.tex [3

] [4

] (Tesi.toc [5

])
\tf@toc=\write5
\openout5 = `Tesi.toc'.

 [6] (Tesi.lof
[7


])
\tf@lof=\write6
\openout6 = `Tesi.lof'.

 [8] (Tesi.lot)
\tf@lot=\write7
\openout7 = `Tesi.lot'.

 [9


] [10

] (Tesi.lol)
\tf@lol=\write8
\openout8 = `Tesi.lol'.

 [11

] [12

])
(FrontMatter/SommarioAbstract.tex [13

]) [14

] (MainMatter/Introduzione.tex)
(MainMatter/Chapter1.tex [1




] [2

]
Capitolo 1.

LaTeX Warning: No positions in optional float specifier.
               Default added (so using `tbp') on input line 14.

<Immagini/Chapter1/Scattering1.png, id=325, 347.04657pt x 432.11438pt>
File: Immagini/Chapter1/Scattering1.png Graphic file (type png)
<use Immagini/Chapter1/Scattering1.png>
Package pdftex.def Info: Immagini/Chapter1/Scattering1.png  used on input line 
19.
(pdftex.def)             Requested size: 272.99744pt x 339.92262pt.
LaTeX Font Info:    External font `lmex10' loaded for size
(Font)              <10> on input line 19.
LaTeX Font Info:    External font `lmex10' loaded for size
(Font)              <7> on input line 19.
LaTeX Font Info:    External font `lmex10' loaded for size
(Font)              <5> on input line 19.
<Immagini/Chapter1/Scattering2.png, id=327, 340.27126pt x 420.82219pt>
File: Immagini/Chapter1/Scattering2.png Graphic file (type png)
<use Immagini/Chapter1/Scattering2.png>
Package pdftex.def Info: Immagini/Chapter1/Scattering2.png  used on input line 
22.
(pdftex.def)             Requested size: 272.99744pt x 337.64064pt.

LaTeX Warning: Float too large for page by 78.19203pt on input line 27.

[3] [4 <./Immagini/Chapter1/Scattering1.png> <./Immagini/Chapter1/Scattering2.p
ng>]

LaTeX Warning: No positions in optional float specifier.
               Default added (so using `tbp') on input line 99.

<Immagini/Chapter1/KLM.png, id=361, 477.28313pt x 237.13594pt>
File: Immagini/Chapter1/KLM.png Graphic file (type png)
<use Immagini/Chapter1/KLM.png>
Package pdftex.def Info: Immagini/Chapter1/KLM.png  used on input line 103.
(pdftex.def)             Requested size: 252.00256pt x 125.20381pt.
[5] [6 <./Immagini/Chapter1/KLM.png>] [7]

LaTeX Warning: Citation `henke1981atomic' on page 8 undefined on input line 220
.

[8]

LaTeX Warning: No positions in optional float specifier.
               Default added (so using `tbp') on input line 254.

<Immagini/Chapter1/System.png, id=418, 460.72125pt x 286.06876pt>
File: Immagini/Chapter1/System.png Graphic file (type png)
<use Immagini/Chapter1/System.png>
Package pdftex.def Info: Immagini/Chapter1/System.png  used on input line 258.
(pdftex.def)             Requested size: 252.00256pt x 156.46965pt.
[9 <./Immagini/Chapter1/System.png>] [10] [11]

LaTeX Warning: No positions in optional float specifier.
               Default added (so using `tbp') on input line 533.

<Immagini/Chapter1/IdealReflection.png, id=481, 429.10312pt x 392.21532pt>
File: Immagini/Chapter1/IdealReflection.png Graphic file (type png)
<use Immagini/Chapter1/IdealReflection.png>
Package pdftex.def Info: Immagini/Chapter1/IdealReflection.png  used on input l
ine 537.
(pdftex.def)             Requested size: 252.00256pt x 230.33975pt.

LaTeX Warning: No positions in optional float specifier.
               Default added (so using `tbp') on input line 544.

<Immagini/Chapter1/Si.png, id=482, 429.10312pt x 392.21532pt>
File: Immagini/Chapter1/Si.png Graphic file (type png)
<use Immagini/Chapter1/Si.png>
Package pdftex.def Info: Immagini/Chapter1/Si.png  used on input line 549.
(pdftex.def)             Requested size: 231.00128pt x 211.14676pt.
<Immagini/Chapter1/Rh.png, id=483, 432.11438pt x 388.45125pt>
File: Immagini/Chapter1/Rh.png Graphic file (type png)
<use Immagini/Chapter1/Rh.png>
Package pdftex.def Info: Immagini/Chapter1/Rh.png  used on input line 552.
(pdftex.def)             Requested size: 231.00128pt x 207.65636pt.
<Immagini/Chapter1/Pb.png, id=484, 449.42906pt x 389.95688pt>
File: Immagini/Chapter1/Pb.png Graphic file (type png)
<use Immagini/Chapter1/Pb.png>
Package pdftex.def Info: Immagini/Chapter1/Pb.png  used on input line 555.
(pdftex.def)             Requested size: 231.00128pt x 200.43434pt.

Overfull \hbox (42.00256pt too wide) in paragraph at lines 549--557
 [][][][] 
 []

LaTeX Font Info:    External font `lmex10' loaded for size
(Font)              <10.95> on input line 557.
) (MainMatter/Chapter2.tex [12] [13 <./Immagini/Chapter1/IdealReflection.png>]
[14 <./Immagini/Chapter1/Si.png> <./Immagini/Chapter1/Rh.png> <./Immagini/Chapt
er1/Pb.png>]
Capitolo 2.

Overfull \hbox (10.08847pt too wide) in paragraph at lines 6--7
\T1/lmr/m/n/12 (-20) As di-scus-sed in Chap-ter [][]1[][], to fo-cus X-ray ra-d
ia-tion, it can be used re-frac-tion(compound
 []


LaTeX Warning: No positions in optional float specifier.
               Default added (so using `tbp') on input line 17.

<Immagini/Chapter2/System1.png, id=522, 392.96812pt x 400.49625pt>
File: Immagini/Chapter2/System1.png Graphic file (type png)
<use Immagini/Chapter2/System1.png>
Package pdftex.def Info: Immagini/Chapter2/System1.png  used on input line 21.
(pdftex.def)             Requested size: 252.00256pt x 256.83617pt.
[15

] [16 <./Immagini/Chapter2/System1.png>]

LaTeX Warning: No positions in optional float specifier.
               Default added (so using `tbp') on input line 66.

<Immagini/Chapter2/MeridianAndSagittal.png, id=541, 391.4625pt x 218.31563pt>
File: Immagini/Chapter2/MeridianAndSagittal.png Graphic file (type png)
<use Immagini/Chapter2/MeridianAndSagittal.png>
Package pdftex.def Info: Immagini/Chapter2/MeridianAndSagittal.png  used on inp
ut line 70.
(pdftex.def)             Requested size: 252.00256pt x 140.54099pt.
[17 <./Immagini/Chapter2/MeridianAndSagittal.png>]

LaTeX Warning: No positions in optional float specifier.
               Default added (so using `tbp') on input line 148.

<Immagini/Chapter2/SurfaceConic1.png, id=564, 277.78781pt x 244.66406pt>
File: Immagini/Chapter2/SurfaceConic1.png Graphic file (type png)
<use Immagini/Chapter2/SurfaceConic1.png>
Package pdftex.def Info: Immagini/Chapter2/SurfaceConic1.png  used on input lin
e 152.
(pdftex.def)             Requested size: 167.99744pt x 147.96806pt.

LaTeX Warning: No positions in optional float specifier.
               Default added (so using `tbp') on input line 163.

<Immagini/Chapter2/SphericalMirror.png, id=568, 353.82187pt x 418.56375pt>
File: Immagini/Chapter2/SphericalMirror.png Graphic file (type png)
<use Immagini/Chapter2/SphericalMirror.png>
Package pdftex.def Info: Immagini/Chapter2/SphericalMirror.png  used on input l
ine 168.
(pdftex.def)             Requested size: 83.99872pt x 99.3652pt.

Underfull \hbox (badness 4108) in paragraph at lines 168--168
[][]|\T1/lmr/m/n/10 (+20) Sphe-ri-cal mir-
 []

<Immagini/Chapter2/ParabolicMirror.png, id=569, 355.3275pt x 418.56375pt>
File: Immagini/Chapter2/ParabolicMirror.png Graphic file (type png)
<use Immagini/Chapter2/ParabolicMirror.png>
Package pdftex.def Info: Immagini/Chapter2/ParabolicMirror.png  used on input l
ine 171.
(pdftex.def)             Requested size: 83.99872pt x 98.94368pt.
[18]

LaTeX Warning: No positions in optional float specifier.
               Default added (so using `tbp') on input line 185.

<Immagini/Chapter2/SineAbbeCondition.png, id=580, 192.72pt x 144.54pt>
File: Immagini/Chapter2/SineAbbeCondition.png Graphic file (type png)
<use Immagini/Chapter2/SineAbbeCondition.png>
Package pdftex.def Info: Immagini/Chapter2/SineAbbeCondition.png  used on input
 line 189.
(pdftex.def)             Requested size: 252.00256pt x 189.00249pt.
[19 <./Immagini/Chapter2/SurfaceConic1.png>]

Package hyperref Warning: Token not allowed in a PDF string (PDFDocEncoding):
(hyperref)                removing `\@ifnextchar' on input line 197.


LaTeX Warning: No positions in optional float specifier.
               Default added (so using `tbp') on input line 202.

<Immagini/Chapter2/Wolter1.png, id=590, 432.11438pt x 301.125pt>
File: Immagini/Chapter2/Wolter1.png Graphic file (type png)
<use Immagini/Chapter2/Wolter1.png>
Package pdftex.def Info: Immagini/Chapter2/Wolter1.png  used on input line 207.

(pdftex.def)             Requested size: 167.99744pt x 117.07068pt.
<Immagini/Chapter2/Wolter2.png, id=591, 392.21532pt x 280.79906pt>
File: Immagini/Chapter2/Wolter2.png Graphic file (type png)
<use Immagini/Chapter2/Wolter2.png>
Package pdftex.def Info: Immagini/Chapter2/Wolter2.png  used on input line 210.

(pdftex.def)             Requested size: 167.99744pt x 120.27422pt.
<Immagini/Chapter2/Wolter3.png, id=592, 386.19281pt x 269.50688pt>
File: Immagini/Chapter2/Wolter3.png Graphic file (type png)
<use Immagini/Chapter2/Wolter3.png>
Package pdftex.def Info: Immagini/Chapter2/Wolter3.png  used on input line 213.

(pdftex.def)             Requested size: 167.99744pt x 117.23865pt.
[20 <./Immagini/Chapter2/SphericalMirror.png> <./Immagini/Chapter2/ParabolicMir
ror.png> <./Immagini/Chapter2/SineAbbeCondition.png>]

Package hyperref Warning: Token not allowed in a PDF string (PDFDocEncoding):
(hyperref)                removing `\@ifnextchar' on input line 219.

<Immagini/Chapter2/KBSystem.png, id=602, 482.55281pt x 112.92188pt>
File: Immagini/Chapter2/KBSystem.png Graphic file (type png)
<use Immagini/Chapter2/KBSystem.png>
Package pdftex.def Info: Immagini/Chapter2/KBSystem.png  used on input line 226
.
(pdftex.def)             Requested size: 252.00256pt x 58.97127pt.
[21 <./Immagini/Chapter2/Wolter1.png> <./Immagini/Chapter2/Wolter2.png> <./Imma
gini/Chapter2/Wolter3.png>]
<Immagini/Chapter2/MontelSystem.png, id=617, 406.51875pt x 161.85469pt>
File: Immagini/Chapter2/MontelSystem.png Graphic file (type png)
<use Immagini/Chapter2/MontelSystem.png>
Package pdftex.def Info: Immagini/Chapter2/MontelSystem.png  used on input line
 246.
(pdftex.def)             Requested size: 252.00256pt x 100.33403pt.
 [22 <./Immagini/Chapter2/KBSystem.png>]

Package hyperref Warning: Token not allowed in a PDF string (PDFDocEncoding):
(hyperref)                removing `\@ifnextchar' on input line 255.


LaTeX Warning: No positions in optional float specifier.
               Default added (so using `tbp') on input line 258.

<Immagini/Chapter2/MontelEdges.png, id=625, 739.26187pt x 382.42876pt>
File: Immagini/Chapter2/MontelEdges.png Graphic file (type png)
<use Immagini/Chapter2/MontelEdges.png>
Package pdftex.def Info: Immagini/Chapter2/MontelEdges.png  used on input line 
262.
(pdftex.def)             Requested size: 336.00128pt x 173.81862pt.
) (MainMatter/Chapter3.tex [23 <./Immagini/Chapter2/MontelSystem.png>] [24 <./I
mmagini/Chapter2/MontelEdges.png>]
Capitolo 3.
[25

]
<Immagini/Chapter3/BeamRays.png, id=649, 199.49532pt x 38.39343pt>
File: Immagini/Chapter3/BeamRays.png Graphic file (type png)
<use Immagini/Chapter3/BeamRays.png>
Package pdftex.def Info: Immagini/Chapter3/BeamRays.png  used on input line 34.

(pdftex.def)             Requested size: 167.99744pt x 32.33286pt.
<Immagini/Chapter3/GaussianSpot.png, id=652, 481.8pt x 361.35pt>
File: Immagini/Chapter3/GaussianSpot.png Graphic file (type png)
<use Immagini/Chapter3/GaussianSpot.png>
Package pdftex.def Info: Immagini/Chapter3/GaussianSpot.png  used on input line
 49.
(pdftex.def)             Requested size: 167.99744pt x 125.99469pt.
<Immagini/Chapter3/GaussianExamplePlotSpot.png, id=653, 462.528pt x 346.896pt>
File: Immagini/Chapter3/GaussianExamplePlotSpot.png Graphic file (type png)
<use Immagini/Chapter3/GaussianExamplePlotSpot.png>
Package pdftex.def Info: Immagini/Chapter3/GaussianExamplePlotSpot.png  used on
 input line 52.
(pdftex.def)             Requested size: 167.99744pt x 125.99931pt.
<Immagini/Chapter3/CodeCircularRectangular.png, id=659, 523.20468pt x 361.35pt>

File: Immagini/Chapter3/CodeCircularRectangular.png Graphic file (type png)
<use Immagini/Chapter3/CodeCircularRectangular.png>
Package pdftex.def Info: Immagini/Chapter3/CodeCircularRectangular.png  used on
 input line 65.
(pdftex.def)             Requested size: 167.99744pt x 116.02583pt.
<Immagini/Chapter3/RectangularExamplePlotSpot.png, id=660, 462.528pt x 346.896p
t>
File: Immagini/Chapter3/RectangularExamplePlotSpot.png Graphic file (type png)
<use Immagini/Chapter3/RectangularExamplePlotSpot.png>
Package pdftex.def Info: Immagini/Chapter3/RectangularExamplePlotSpot.png  used
 on input line 68.
(pdftex.def)             Requested size: 167.99744pt x 125.99931pt.
 [26 <./Immagini/Chapter3/BeamRays.png> <./Immagini/Chapter3/GaussianSpot.png> 
<./Immagini/Chapter3/GaussianExamplePlotSpot.png>]
<Immagini/Chapter3/PersonExamplePlotSpot.png, id=673, 462.528pt x 346.896pt>
File: Immagini/Chapter3/PersonExamplePlotSpot.png Graphic file (type png)
<use Immagini/Chapter3/PersonExamplePlotSpot.png>
Package pdftex.def Info: Immagini/Chapter3/PersonExamplePlotSpot.png  used on i
nput line 85.
(pdftex.def)             Requested size: 167.99744pt x 125.99931pt.
<Immagini/Chapter3/CodePerson.png, id=674, 630.10406pt x 361.35pt>
File: Immagini/Chapter3/CodePerson.png Graphic file (type png)
<use Immagini/Chapter3/CodePerson.png>
Package pdftex.def Info: Immagini/Chapter3/CodePerson.png  used on input line 8
8.
(pdftex.def)             Requested size: 167.99744pt x 96.34175pt.
<Immagini/Chapter3/ResumeBeam.png, id=676, 232.61906pt x 221.32687pt>
File: Immagini/Chapter3/ResumeBeam.png Graphic file (type png)
<use Immagini/Chapter3/ResumeBeam.png>
Package pdftex.def Info: Immagini/Chapter3/ResumeBeam.png  used on input line 9
8.
(pdftex.def)             Requested size: 167.99744pt x 159.84827pt.
 [27 <./Immagini/Chapter3/CodeCircularRectangular.png> <./Immagini/Chapter3/Rec
tangularExamplePlotSpot.png> <./Immagini/Chapter3/PersonExamplePlotSpot.png> <.
/Immagini/Chapter3/CodePerson.png>] [28 <./Immagini/Chapter3/ResumeBeam.png>] [
29]
<Immagini/Chapter3/ParabolaFoc.png, id=709, 1505.625pt x 1939.99782pt>
File: Immagini/Chapter3/ParabolaFoc.png Graphic file (type png)
<use Immagini/Chapter3/ParabolaFoc.png>
Package pdftex.def Info: Immagini/Chapter3/ParabolaFoc.png  used on input line 
181.
(pdftex.def)             Requested size: 167.99744pt x 216.44942pt.
<Immagini/Chapter3/ParabolaColl.png, id=710, 421.575pt x 456.20438pt>
File: Immagini/Chapter3/ParabolaColl.png Graphic file (type png)
<use Immagini/Chapter3/ParabolaColl.png>
Package pdftex.def Info: Immagini/Chapter3/ParabolaColl.png  used on input line
 184.
(pdftex.def)             Requested size: 167.99744pt x 181.79633pt.
 [30 <./Immagini/Chapter3/ParabolaFoc.png> <./Immagini/Chapter3/ParabolaColl.pn
g>]
<Immagini/Chapter3/Parab.png, id=727, 1505.625pt x 1231.60126pt>
File: Immagini/Chapter3/Parab.png Graphic file (type png)
<use Immagini/Chapter3/Parab.png>
Package pdftex.def Info: Immagini/Chapter3/Parab.png  used on input line 209.
(pdftex.def)             Requested size: 336.00128pt x 274.8432pt.
<Immagini/Chapter3/EllipseSystem3.jpg, id=731, 558.888pt x 315.0972pt>
File: Immagini/Chapter3/EllipseSystem3.jpg Graphic file (type jpg)
<use Immagini/Chapter3/EllipseSystem3.jpg>
Package pdftex.def Info: Immagini/Chapter3/EllipseSystem3.jpg  used on input li
ne 239.
(pdftex.def)             Requested size: 336.00128pt x 189.43478pt.
 [31 <./Immagini/Chapter3/Parab.png>]
<Immagini/Chapter3/Hyperbola.png, id=742, 383.93437pt x 312.41719pt>
File: Immagini/Chapter3/Hyperbola.png Graphic file (type png)
<use Immagini/Chapter3/Hyperbola.png>
Package pdftex.def Info: Immagini/Chapter3/Hyperbola.png  used on input line 27
1.
(pdftex.def)             Requested size: 210.0pt x 170.8861pt.
 [32 <./Immagini/Chapter3/EllipseSystem3.jpg> <./Immagini/Chapter3/Hyperbola.pn
g>]
<Immagini/Chapter3/KB.jpg, id=753, 266.9975pt x 190.7125pt>
File: Immagini/Chapter3/KB.jpg Graphic file (type jpg)
<use Immagini/Chapter3/KB.jpg>
Package pdftex.def Info: Immagini/Chapter3/KB.jpg  used on input line 307.
(pdftex.def)             Requested size: 167.99744pt x 120.00108pt.
<Immagini/Chapter3/KB1.png, id=754, 795.72281pt x 438.13687pt>
File: Immagini/Chapter3/KB1.png Graphic file (type png)
<use Immagini/Chapter3/KB1.png>
Package pdftex.def Info: Immagini/Chapter3/KB1.png  used on input line 318.
(pdftex.def)             Requested size: 336.00128pt x 185.00566pt.
 [33 <./Immagini/Chapter3/KB.jpg>]
<Immagini/Chapter3/CodeKB.png, id=763, 584.1825pt x 68.50594pt>
File: Immagini/Chapter3/CodeKB.png Graphic file (type png)
<use Immagini/Chapter3/CodeKB.png>
Package pdftex.def Info: Immagini/Chapter3/CodeKB.png  used on input line 344.
(pdftex.def)             Requested size: 420.0pt x 49.2542pt.
<Immagini/Chapter3/MontelSystem2.jpg, id=766, 1463.4675pt x 632.3625pt>
File: Immagini/Chapter3/MontelSystem2.jpg Graphic file (type jpg)
<use Immagini/Chapter3/MontelSystem2.jpg>
Package pdftex.def Info: Immagini/Chapter3/MontelSystem2.jpg  used on input lin
e 356.
(pdftex.def)             Requested size: 420.0pt x 181.47955pt.

Underfull \vbox (badness 10000) has occurred while \output is active []

 [34 <./Immagini/Chapter3/KB1.png> <./Immagini/Chapter3/CodeKB.png>]
<Immagini/Chapter3/CodeMontel.png, id=774, 668.4975pt x 64.74188pt>
File: Immagini/Chapter3/CodeMontel.png Graphic file (type png)
<use Immagini/Chapter3/CodeMontel.png>
Package pdftex.def Info: Immagini/Chapter3/CodeMontel.png  used on input line 3
68.
(pdftex.def)             Requested size: 420.0pt x 40.67694pt.
<Immagini/Chapter3/Cattura.png, id=778, 636.87938pt x 222.07968pt>
File: Immagini/Chapter3/Cattura.png Graphic file (type png)
<use Immagini/Chapter3/Cattura.png>
Package pdftex.def Info: Immagini/Chapter3/Cattura.png  used on input line 384.

(pdftex.def)             Requested size: 420.0pt x 146.45444pt.
<Immagini/Chapter3/CodeSystem.png, id=779, 746.03719pt x 194.22563pt>
File: Immagini/Chapter3/CodeSystem.png Graphic file (type png)
<use Immagini/Chapter3/CodeSystem.png>
Package pdftex.def Info: Immagini/Chapter3/CodeSystem.png  used on input line 3
95.
(pdftex.def)             Requested size: 420.0pt x 109.3435pt.
 [35 <./Immagini/Chapter3/MontelSystem2.jpg> <./Immagini/Chapter3/CodeMontel.pn
g>]
<Immagini/Chapter3/CodeOptElem.png, id=788, 381.67593pt x 80.55093pt>
File: Immagini/Chapter3/CodeOptElem.png Graphic file (type png)
<use Immagini/Chapter3/CodeOptElem.png>
Package pdftex.def Info: Immagini/Chapter3/CodeOptElem.png  used on input line 
418.
(pdftex.def)             Requested size: 167.99744pt x 35.4548pt.
<Immagini/Chapter3/CodeOfScreen.png, id=789, 322.95656pt x 76.78688pt>
File: Immagini/Chapter3/CodeOfScreen.png Graphic file (type png)
<use Immagini/Chapter3/CodeOfScreen.png>
Package pdftex.def Info: Immagini/Chapter3/CodeOfScreen.png  used on input line
 421.
(pdftex.def)             Requested size: 167.99744pt x 39.94345pt.
 [36 <./Immagini/Chapter3/Cattura.png> <./Immagini/Chapter3/CodeSystem.png>]
<Immagini/Chapter3/CodeTraceCompound.png, id=806, 449.42906pt x 206.27063pt>
File: Immagini/Chapter3/CodeTraceCompound.png Graphic file (type png)
<use Immagini/Chapter3/CodeTraceCompound.png>
Package pdftex.def Info: Immagini/Chapter3/CodeTraceCompound.png  used on input
 line 434.
(pdftex.def)             Requested size: 420.0pt x 192.77077pt.
 [37 <./Immagini/Chapter3/CodeOptElem.png> <./Immagini/Chapter3/CodeOfScreen.pn
g> <./Immagini/Chapter3/CodeTraceCompound.png>]
<Immagini/Chapter3/CodeTraceMontel.png, id=815, 760.34062pt x 322.20375pt>
File: Immagini/Chapter3/CodeTraceMontel.png Graphic file (type png)
<use Immagini/Chapter3/CodeTraceMontel.png>
Package pdftex.def Info: Immagini/Chapter3/CodeTraceMontel.png  used on input l
ine 466.
(pdftex.def)             Requested size: 420.0pt x 177.98448pt.
) (MainMatter/Chapter4.tex [38] [39 <./Immagini/Chapter3/CodeTraceMontel.png>] 
[40

]
Capitolo 4.

LaTeX Warning: No positions in optional float specifier.
               Default added (so using `tbp') on input line 14.

<Immagini/Chapter4/OpticalSystems.png, id=842, 514.17094pt x 173.89969pt>
File: Immagini/Chapter4/OpticalSystems.png Graphic file (type png)
<use Immagini/Chapter4/OpticalSystems.png>
Package pdftex.def Info: Immagini/Chapter4/OpticalSystems.png  used on input li
ne 18.
(pdftex.def)             Requested size: 252.00256pt x 85.2328pt.

LaTeX Warning: No positions in optional float specifier.
               Default added (so using `tbp') on input line 27.

<Immagini/Chapter4/SouceOASYS.png, id=844, 462.528pt x 346.896pt>
File: Immagini/Chapter4/SouceOASYS.png Graphic file (type png)
<use Immagini/Chapter4/SouceOASYS.png>
Package pdftex.def Info: Immagini/Chapter4/SouceOASYS.png  used on input line 3
2.
(pdftex.def)             Requested size: 167.99744pt x 125.99931pt.
<Immagini/Chapter4/DivergenceOASYS.png, id=845, 462.528pt x 346.896pt>
File: Immagini/Chapter4/DivergenceOASYS.png Graphic file (type png)
<use Immagini/Chapter4/DivergenceOASYS.png>
Package pdftex.def Info: Immagini/Chapter4/DivergenceOASYS.png  used on input l
ine 35.
(pdftex.def)             Requested size: 201.5982pt x 151.20024pt.
[41]

LaTeX Warning: No positions in optional float specifier.
               Default added (so using `tbp') on input line 50.

<Immagini/Chapter4/IdealLens.png, id=854, 462.528pt x 346.896pt>
File: Immagini/Chapter4/IdealLens.png Graphic file (type png)
<use Immagini/Chapter4/IdealLens.png>
Package pdftex.def Info: Immagini/Chapter4/IdealLens.png  used on input line 55
.
(pdftex.def)             Requested size: 210.0pt x 157.49915pt.
<Immagini/Chapter4/IdealLensOASYS.png, id=855, 462.528pt x 346.896pt>
File: Immagini/Chapter4/IdealLensOASYS.png Graphic file (type png)
<use Immagini/Chapter4/IdealLensOASYS.png>
Package pdftex.def Info: Immagini/Chapter4/IdealLensOASYS.png  used on input li
ne 58.
(pdftex.def)             Requested size: 210.0pt x 157.49915pt.

LaTeX Warning: No positions in optional float specifier.
               Default added (so using `tbp') on input line 66.

File: Immagini/Chapter4/IdealLens.png Graphic file (type png)
<use Immagini/Chapter4/IdealLens.png>
Package pdftex.def Info: Immagini/Chapter4/IdealLens.png  used on input line 71
.
(pdftex.def)             Requested size: 210.0pt x 157.49915pt.
File: Immagini/Chapter4/IdealLensOASYS.png Graphic file (type png)
<use Immagini/Chapter4/IdealLensOASYS.png>
Package pdftex.def Info: Immagini/Chapter4/IdealLensOASYS.png  used on input li
ne 74.
(pdftex.def)             Requested size: 210.0pt x 157.49915pt.

LaTeX Warning: No positions in optional float specifier.
               Default added (so using `tbp') on input line 82.

<Immagini/Chapter4/KB.png, id=856, 462.528pt x 346.896pt>
File: Immagini/Chapter4/KB.png Graphic file (type png)
<use Immagini/Chapter4/KB.png>
Package pdftex.def Info: Immagini/Chapter4/KB.png  used on input line 85.
(pdftex.def)             Requested size: 210.0pt x 157.49915pt.
<Immagini/Chapter4/KBOASYS.png, id=857, 462.528pt x 346.896pt>
File: Immagini/Chapter4/KBOASYS.png Graphic file (type png)
<use Immagini/Chapter4/KBOASYS.png>
Package pdftex.def Info: Immagini/Chapter4/KBOASYS.png  used on input line 88.
(pdftex.def)             Requested size: 210.0pt x 157.49915pt.
[42 <./Immagini/Chapter4/OpticalSystems.png> <./Immagini/Chapter4/SouceOASYS.pn
g> <./Immagini/Chapter4/DivergenceOASYS.png>] [43 <./Immagini/Chapter4/IdealLen
s.png> <./Immagini/Chapter4/IdealLensOASYS.png> <./Immagini/Chapter4/KB.png> <.
/Immagini/Chapter4/KBOASYS.png>]

LaTeX Warning: No positions in optional float specifier.
               Default added (so using `tbp') on input line 102.

<Immagini/Chapter4/PaperMontelSystem.png, id=885, 903.375pt x 402.75468pt>
File: Immagini/Chapter4/PaperMontelSystem.png Graphic file (type png)
<use Immagini/Chapter4/PaperMontelSystem.png>
Package pdftex.def Info: Immagini/Chapter4/PaperMontelSystem.png  used on input
 line 104.
(pdftex.def)             Requested size: 336.00128pt x 149.80353pt.

LaTeX Warning: No positions in optional float specifier.
               Default added (so using `tbp') on input line 113.



pdfTeX warning: pdflatex (file ./Immagini/Chapter4/PaperSpotMontel.pdf): PDF in
clusion: found PDF version <1.7>, but at most version <1.5> allowed
<Immagini/Chapter4/PaperSpotMontel.pdf, id=894, 420.06938pt x 420.06938pt>
File: Immagini/Chapter4/PaperSpotMontel.pdf Graphic file (type pdf)
<use Immagini/Chapter4/PaperSpotMontel.pdf>
Package pdftex.def Info: Immagini/Chapter4/PaperSpotMontel.pdf  used on input l
ine 118.
(pdftex.def)             Requested size: 167.99744pt x 167.99913pt.
<Immagini/Chapter4/ImageDimension.png, id=895, 462.528pt x 346.896pt>
File: Immagini/Chapter4/ImageDimension.png Graphic file (type png)
<use Immagini/Chapter4/ImageDimension.png>
Package pdftex.def Info: Immagini/Chapter4/ImageDimension.png  used on input li
ne 121.
(pdftex.def)             Requested size: 201.5982pt x 151.20024pt.


pdfTeX warning: pdflatex (file ./Immagini/Chapter4/PaperDivergenceMontel.pdf): 
PDF inclusion: found PDF version <1.7>, but at most version <1.5> allowed
<Immagini/Chapter4/PaperDivergenceMontel.pdf, id=896, 422.32782pt x 322.95656pt
>
File: Immagini/Chapter4/PaperDivergenceMontel.pdf Graphic file (type pdf)
<use Immagini/Chapter4/PaperDivergenceMontel.pdf>
Package pdftex.def Info: Immagini/Chapter4/PaperDivergenceMontel.pdf  used on i
nput line 124.
(pdftex.def)             Requested size: 167.99744pt x 128.4707pt.
<Immagini/Chapter4/DivergenceDimension.png, id=897, 462.528pt x 346.896pt>
File: Immagini/Chapter4/DivergenceDimension.png Graphic file (type png)
<use Immagini/Chapter4/DivergenceDimension.png>
Package pdftex.def Info: Immagini/Chapter4/DivergenceDimension.png  used on inp
ut line 127.
(pdftex.def)             Requested size: 201.5982pt x 151.20024pt.

LaTeX Warning: No positions in optional float specifier.
               Default added (so using `tbp') on input line 140.

<Immagini/Chapter4/CollimationSource.png, id=902, 462.528pt x 346.896pt>
File: Immagini/Chapter4/CollimationSource.png Graphic file (type png)
<use Immagini/Chapter4/CollimationSource.png>
Package pdftex.def Info: Immagini/Chapter4/CollimationSource.png  used on input
 line 145.
(pdftex.def)             Requested size: 167.99744pt x 125.99931pt.
<Immagini/Chapter4/CollimationImage.png, id=903, 462.528pt x 346.896pt>
File: Immagini/Chapter4/CollimationImage.png Graphic file (type png)
<use Immagini/Chapter4/CollimationImage.png>
Package pdftex.def Info: Immagini/Chapter4/CollimationImage.png  used on input 
line 148.
(pdftex.def)             Requested size: 167.99744pt x 125.99931pt.
<Immagini/Chapter4/FocalizingSource.png, id=904, 462.528pt x 346.896pt>
File: Immagini/Chapter4/FocalizingSource.png Graphic file (type png)
<use Immagini/Chapter4/FocalizingSource.png>
Package pdftex.def Info: Immagini/Chapter4/FocalizingSource.png  used on input 
line 151.
(pdftex.def)             Requested size: 167.99744pt x 125.99931pt.
<Immagini/Chapter4/FocalizingImage.png, id=905, 462.528pt x 346.896pt>
File: Immagini/Chapter4/FocalizingImage.png Graphic file (type png)
<use Immagini/Chapter4/FocalizingImage.png>
Package pdftex.def Info: Immagini/Chapter4/FocalizingImage.png  used on input l
ine 154.
(pdftex.def)             Requested size: 167.99744pt x 125.99931pt.

LaTeX Warning: No positions in optional float specifier.
               Default added (so using `tbp') on input line 163.

<Immagini/Chapter4/footprint_oe1.png, id=907, 481.8pt x 361.35pt>
File: Immagini/Chapter4/footprint_oe1.png Graphic file (type png)
<use Immagini/Chapter4/footprint_oe1.png>
Package pdftex.def Info: Immagini/Chapter4/footprint_oe1.png  used on input lin
e 168.
(pdftex.def)             Requested size: 167.99744pt x 125.99469pt.
<Immagini/Chapter4/footprint_oe2.png, id=908, 481.8pt x 361.35pt>
File: Immagini/Chapter4/footprint_oe2.png Graphic file (type png)
<use Immagini/Chapter4/footprint_oe2.png>
Package pdftex.def Info: Immagini/Chapter4/footprint_oe2.png  used on input lin
e 171.
(pdftex.def)             Requested size: 167.99744pt x 125.99469pt.
[44 <./Immagini/Chapter4/PaperMontelSystem.png>] [45 <./Immagini/Chapter4/Paper
SpotMontel.pdf> <./Immagini/Chapter4/ImageDimension.png> <./Immagini/Chapter4/P
aperDivergenceMontel.pdf> <./Immagini/Chapter4/DivergenceDimension.png>]
Underfull \vbox (badness 10000) has occurred while \output is active []

 [46 <./Immagini/Chapter4/CollimationSource.png> <./Immagini/Chapter4/Collimati
onImage.png> <./Immagini/Chapter4/FocalizingSource.png> <./Immagini/Chapter4/Fo
calizingImage.png>]

LaTeX Warning: No positions in optional float specifier.
               Default added (so using `tbp') on input line 187.

<Immagini/Chapter4/BigSourceMontel.png, id=946, 462.528pt x 346.896pt>
File: Immagini/Chapter4/BigSourceMontel.png Graphic file (type png)
<use Immagini/Chapter4/BigSourceMontel.png>
Package pdftex.def Info: Immagini/Chapter4/BigSourceMontel.png  used on input l
ine 191.
(pdftex.def)             Requested size: 252.00256pt x 189.00427pt.
[47 <./Immagini/Chapter4/footprint_oe1.png> <./Immagini/Chapter4/footprint_oe2.
png> <./Immagini/Chapter4/BigSourceMontel.png>]

LaTeX Warning: No positions in optional float specifier.
               Default added (so using `tbp') on input line 228.

<Immagini/Chapter4/Histogram.png, id=959, 462.528pt x 346.896pt>
File: Immagini/Chapter4/Histogram.png Graphic file (type png)
<use Immagini/Chapter4/Histogram.png>
Package pdftex.def Info: Immagini/Chapter4/Histogram.png  used on input line 23
3.
(pdftex.def)             Requested size: 252.00256pt x 189.00427pt.
<Immagini/Chapter4/HistogramFitted.png, id=960, 467.49657pt x 514.92375pt>
File: Immagini/Chapter4/HistogramFitted.png Graphic file (type png)
<use Immagini/Chapter4/HistogramFitted.png>
Package pdftex.def Info: Immagini/Chapter4/HistogramFitted.png  used on input l
ine 236.
(pdftex.def)             Requested size: 252.00256pt x 277.56754pt.
<Immagini/Chapter4/FWHMChangingOrt.png, id=961, 462.528pt x 346.896pt>
File: Immagini/Chapter4/FWHMChangingOrt.png Graphic file (type png)
<use Immagini/Chapter4/FWHMChangingOrt.png>
Package pdftex.def Info: Immagini/Chapter4/FWHMChangingOrt.png  used on input l
ine 248.
(pdftex.def)             Requested size: 252.00256pt x 189.00427pt.

LaTeX Warning: No positions in optional float specifier.
               Default added (so using `tbp') on input line 257.

<Immagini/Chapter4/IncidenceAngle.png, id=962, 462.528pt x 346.896pt>
File: Immagini/Chapter4/IncidenceAngle.png Graphic file (type png)
<use Immagini/Chapter4/IncidenceAngle.png>
Package pdftex.def Info: Immagini/Chapter4/IncidenceAngle.png  used on input li
ne 262.
(pdftex.def)             Requested size: 167.99744pt x 125.99931pt.
<Immagini/Chapter4/IncidenceAngle2.png, id=963, 462.528pt x 346.896pt>
File: Immagini/Chapter4/IncidenceAngle2.png Graphic file (type png)
<use Immagini/Chapter4/IncidenceAngle2.png>
Package pdftex.def Info: Immagini/Chapter4/IncidenceAngle2.png  used on input l
ine 265.
(pdftex.def)             Requested size: 167.99744pt x 125.99931pt.
[48] [49 <./Immagini/Chapter4/Histogram.png> <./Immagini/Chapter4/HistogramFitt
ed.png>] [50 <./Immagini/Chapter4/FWHMChangingOrt.png> <./Immagini/Chapter4/Inc
idenceAngle.png> <./Immagini/Chapter4/IncidenceAngle2.png>]

LaTeX Warning: No positions in optional float specifier.
               Default added (so using `tbp') on input line 281.

<Immagini/Chapter4/Cattura2.png, id=987, 710.655pt x 382.42876pt>
File: Immagini/Chapter4/Cattura2.png Graphic file (type png)
<use Immagini/Chapter4/Cattura2.png>
Package pdftex.def Info: Immagini/Chapter4/Cattura2.png  used on input line 285
.
(pdftex.def)             Requested size: 420.0pt x 226.02197pt.

LaTeX Warning: No positions in optional float specifier.
               Default added (so using `tbp') on input line 296.

<Immagini/Chapter4/Ypath.png, id=994, 462.528pt x 346.896pt>
File: Immagini/Chapter4/Ypath.png Graphic file (type png)
<use Immagini/Chapter4/Ypath.png>
Package pdftex.def Info: Immagini/Chapter4/Ypath.png  used on input line 301.
(pdftex.def)             Requested size: 167.99744pt x 125.99931pt.
<Immagini/Chapter4/XZpath.png, id=995, 462.528pt x 346.896pt>
File: Immagini/Chapter4/XZpath.png Graphic file (type png)
<use Immagini/Chapter4/XZpath.png>
Package pdftex.def Info: Immagini/Chapter4/XZpath.png  used on input line 304.
(pdftex.def)             Requested size: 167.99744pt x 125.99931pt.
<Immagini/Chapter4/XYZ1Path.png, id=996, 462.528pt x 346.896pt>
File: Immagini/Chapter4/XYZ1Path.png Graphic file (type png)
<use Immagini/Chapter4/XYZ1Path.png>
Package pdftex.def Info: Immagini/Chapter4/XYZ1Path.png  used on input line 307
.
(pdftex.def)             Requested size: 167.99744pt x 125.99931pt.
<Immagini/Chapter4/XYZ2Path.png, id=997, 462.528pt x 346.896pt>
File: Immagini/Chapter4/XYZ2Path.png Graphic file (type png)
<use Immagini/Chapter4/XYZ2Path.png>
Package pdftex.def Info: Immagini/Chapter4/XYZ2Path.png  used on input line 310
.
(pdftex.def)             Requested size: 167.99744pt x 125.99931pt.

LaTeX Warning: No positions in optional float specifier.
               Default added (so using `tbp') on input line 321.

<Immagini/Chapter4/Ypath_2.png, id=1001, 462.528pt x 346.896pt>
File: Immagini/Chapter4/Ypath_2.png Graphic file (type png)
<use Immagini/Chapter4/Ypath_2.png>
Package pdftex.def Info: Immagini/Chapter4/Ypath_2.png  used on input line 326.

(pdftex.def)             Requested size: 167.99744pt x 125.99931pt.
<Immagini/Chapter4/XZpath_2.png, id=1002, 462.528pt x 346.896pt>
File: Immagini/Chapter4/XZpath_2.png Graphic file (type png)
<use Immagini/Chapter4/XZpath_2.png>
Package pdftex.def Info: Immagini/Chapter4/XZpath_2.png  used on input line 329
.
(pdftex.def)             Requested size: 167.99744pt x 125.99931pt.
<Immagini/Chapter4/XYZ1Path_2.png, id=1003, 462.528pt x 346.896pt>
File: Immagini/Chapter4/XYZ1Path_2.png Graphic file (type png)
<use Immagini/Chapter4/XYZ1Path_2.png>
Package pdftex.def Info: Immagini/Chapter4/XYZ1Path_2.png  used on input line 3
32.
(pdftex.def)             Requested size: 167.99744pt x 125.99931pt.
<Immagini/Chapter4/XYZ2Path_2.png, id=1004, 462.528pt x 346.896pt>
File: Immagini/Chapter4/XYZ2Path_2.png Graphic file (type png)
<use Immagini/Chapter4/XYZ2Path_2.png>
Package pdftex.def Info: Immagini/Chapter4/XYZ2Path_2.png  used on input line 3
35.
(pdftex.def)             Requested size: 167.99744pt x 125.99931pt.
) [51 <./Immagini/Chapter4/Cattura2.png>] [52 <./Immagini/Chapter4/Ypath.png> <
./Immagini/Chapter4/XZpath.png> <./Immagini/Chapter4/XYZ1Path.png> <./Immagini/
Chapter4/XYZ2Path.png>] (MainMatter/AppendixA.tex [53 <./Immagini/Chapter4/Ypat
h_2.png> <./Immagini/Chapter4/XZpath_2.png> <./Immagini/Chapter4/XYZ1Path_2.png
> <./Immagini/Chapter4/XYZ2Path_2.png>] [54

]
Appendice A.

Underfull \vbox (badness 10000) has occurred while \output is active []

 [55]
Overfull \vbox (28.5661pt too high) has occurred while \output is active []


[56]) (MainMatter/AppendixB.tex [57] [58

]
Appendice B.
<Immagini/AppendixB/EllipseSystem3.jpg, id=1061, 558.888pt x 315.0972pt>
File: Immagini/AppendixB/EllipseSystem3.jpg Graphic file (type jpg)
<use Immagini/AppendixB/EllipseSystem3.jpg>
Package pdftex.def Info: Immagini/AppendixB/EllipseSystem3.jpg  used on input l
ine 56.
(pdftex.def)             Requested size: 252.00256pt x 142.0761pt.
[59]
<Immagini/AppendixB/Hyperbola.png, id=1077, 383.93437pt x 312.41719pt>
File: Immagini/AppendixB/Hyperbola.png Graphic file (type png)
<use Immagini/AppendixB/Hyperbola.png>
Package pdftex.def Info: Immagini/AppendixB/Hyperbola.png  used on input line 9
9.
(pdftex.def)             Requested size: 336.00128pt x 273.43109pt.
)

Package Fancyhdr Warning: \headheight is too small (15.0pt): 
 Make it at least 27.05453pt.
 We now make it that large for the rest of the document.
 This may cause the page layout to be inconsistent, however.

[60 <./Immagini/AppendixB/EllipseSystem3.jpg>] [61 <./Immagini/AppendixB/Hyperb
ola.png>] [62

] (Tesi.bbl [63


]) [64]
Package atveryend Info: Empty hook `BeforeClearDocument' on input line 276.
Package atveryend Info: Empty hook `AfterLastShipout' on input line 276.
 (Tesi.aux)
Package atveryend Info: Executing hook `AtVeryEndDocument' on input line 276.
Package atveryend Info: Empty hook `AtEndAfterFileList' on input line 276.


LaTeX Warning: There were undefined references.


LaTeX Warning: There were multiply-defined labels.

 ) 
Here is how much of TeX's memory you used:
 28845 strings out of 492970
 523363 string characters out of 3126593
 744185 words of memory out of 3000000
 31544 multiletter control sequences out of 15000+200000
 650031 words of font info for 180 fonts, out of 3000000 for 9000
 1144 hyphenation exceptions out of 8191
 44i,18n,87p,1769b,978s stack positions out of 5000i,500n,10000p,200000b,50000s
{C:/Users/Yunes/AppData/Local/Programs/MiKTeX 2.9/fonts/enc/dvips/lm/lm-rm.en
c}{C:/Users/Yunes/AppData/Local/Programs/MiKTeX 2.9/fonts/enc/dvips/lm/lm-maths
y.enc}{C:/Users/Yunes/AppData/Local/Programs/MiKTeX 2.9/fonts/enc/dvips/lm/lm-m
athit.enc}{C:/Users/Yunes/AppData/Local/Programs/MiKTeX 2.9/fonts/enc/dvips/lm/
lm-mathex.enc}{C:/Users/Yunes/AppData/Local/Programs/MiKTeX 2.9/fonts/enc/dvips
/lm/lm-ec.enc}<C:/Users/Yunes/AppData/Local/Programs/MiKTeX 2.9/fonts/type1/pub
lic/lm/lmbx10.pfb><C:/Users/Yunes/AppData/Local/Programs/MiKTeX 2.9/fonts/type1
/public/lm/lmbx12.pfb><C:/Users/Yunes/AppData/Local/Programs/MiKTeX 2.9/fonts/t
ype1/public/lm/lmbx8.pfb><C:/Users/Yunes/AppData/Local/Programs/MiKTeX 2.9/font
s/type1/public/lm/lmex10.pfb><C:/Users/Yunes/AppData/Local/Programs/MiKTeX 2.9/
fonts/type1/public/lm/lmmi10.pfb><C:/Users/Yunes/AppData/Local/Programs/MiKTeX 
2.9/fonts/type1/public/lm/lmmi12.pfb><C:/Users/Yunes/AppData/Local/Programs/MiK
TeX 2.9/fonts/type1/public/lm/lmmi6.pfb><C:/Users/Yunes/AppData/Local/Programs/
MiKTeX 2.9/fonts/type1/public/lm/lmmi8.pfb><C:/Users/Yunes/AppData/Local/Progra
ms/MiKTeX 2.9/fonts/type1/public/lm/lmr10.pfb><C:/Users/Yunes/AppData/Local/Pro
grams/MiKTeX 2.9/fonts/type1/public/lm/lmr12.pfb><C:/Users/Yunes/AppData/Local/
Programs/MiKTeX 2.9/fonts/type1/public/lm/lmr6.pfb><C:/Users/Yunes/AppData/Loca
l/Programs/MiKTeX 2.9/fonts/type1/public/lm/lmr7.pfb><C:/Users/Yunes/AppData/Lo
cal/Programs/MiKTeX 2.9/fonts/type1/public/lm/lmr8.pfb><C:/Users/Yunes/AppData/
Local/Programs/MiKTeX 2.9/fonts/type1/public/lm/lmri12.pfb><C:/Users/Yunes/AppD
ata/Local/Programs/MiKTeX 2.9/fonts/type1/public/lm/lmri8.pfb><C:/Users/Yunes/A
ppData/Local/Programs/MiKTeX 2.9/fonts/type1/public/lm/lmsy10.pfb><C:/Users/Yun
es/AppData/Local/Programs/MiKTeX 2.9/fonts/type1/public/lm/lmsy6.pfb><C:/Users/
Yunes/AppData/Local/Programs/MiKTeX 2.9/fonts/type1/public/lm/lmsy8.pfb><C:/Use
rs/Yunes/AppData/Local/Programs/MiKTeX 2.9/fonts/type1/public/amsfonts/symbols/
msbm10.pfb>
Output written on Tesi.pdf (78 pages, 4903527 bytes).
PDF statistics:
 1405 PDF objects out of 1440 (max. 8388607)
 416 named destinations out of 1000 (max. 500000)
 38144 words of extra memory for PDF output out of 42996 (max. 10000000)

